[vihonet.pixelstrap.com/index.html]
[backblue.gif]
[fade.gif]
[index.html]
[vihonet.pixelstrap.com/assets/images/favicon.png]
[vihonet.pixelstrap.com/assets/css/fontawesome.css]
[vihonet.pixelstrap.com/assets/css/icofont.css]
[vihonet.pixelstrap.com/assets/css/themify.css]
[vihonet.pixelstrap.com/assets/css/flag-icon.css]
[vihonet.pixelstrap.com/assets/css/feather-icon.css]
[vihonet.pixelstrap.com/assets/css/scrollable.css]
[vihonet.pixelstrap.com/assets/css/tree.css]
[vihonet.pixelstrap.com/assets/css/slick.css]
[vihonet.pixelstrap.com/assets/css/slick-theme.css]
[vihonet.pixelstrap.com/assets/css/rating.css]
[vihonet.pixelstrap.com/assets/css/dropzone.css]
[vihonet.pixelstrap.com/assets/css/summernote.css]
[vihonet.pixelstrap.com/assets/css/jsgrid.css]
[vihonet.pixelstrap.com/assets/css/photoswipe.css]
[vihonet.pixelstrap.com/assets/css/jkanban.css]
[vihonet.pixelstrap.com/assets/css/tour.css]
[vihonet.pixelstrap.com/assets/css/todo.css]
[vihonet.pixelstrap.com/assets/css/sweetalert2.css]
[vihonet.pixelstrap.com/assets/css/range-slider.css]
[vihonet.pixelstrap.com/assets/css/image-cropper.css]
[vihonet.pixelstrap.com/assets/css/sticky.css]
[vihonet.pixelstrap.com/assets/css/page-builder.css]
[vihonet.pixelstrap.com/assets/css/button-builder.css]
[vihonet.pixelstrap.com/assets/css/animate.css]
[vihonet.pixelstrap.com/assets/css/chartist.css]
[vihonet.pixelstrap.com/assets/css/simple-mde.css]
[vihonet.pixelstrap.com/assets/css/mapsjs-ui.css]
[vihonet.pixelstrap.com/assets/css/owlcarousel.css]
[vihonet.pixelstrap.com/assets/css/whether-icon.css]
[vihonet.pixelstrap.com/assets/css/aos.css]
[vihonet.pixelstrap.com/assets/css/prism.css]
[vihonet.pixelstrap.com/assets/css/date-picker.css]
[vihonet.pixelstrap.com/assets/css/daterange-picker.css]
[vihonet.pixelstrap.com/assets/css/timepicker.css]
[vihonet.pixelstrap.com/assets/css/vector-map.css]
[vihonet.pixelstrap.com/assets/css/select2.css]
[vihonet.pixelstrap.com/assets/css/datatable-extension.css]
[vihonet.pixelstrap.com/assets/css/datatables.css]
[vihonet.pixelstrap.com/assets/css/bootstrap.css]
[vihonet.pixelstrap.com/assets/css/color-1.css]
[vihonet.pixelstrap.com/assets/css/style.css]
[vihonet.pixelstrap.com/assets/css/responsive.css]
[vihonet.pixelstrap.com/assets/images/logo/logo.png]
[vihonet.pixelstrap.com/assets/images/logo/dark-logo.png]
[vihonet.pixelstrap.com/assets/images/user/4.jpg]
[vihonet.pixelstrap.com/assets/images/user/1.jpg]
[vihonet.pixelstrap.com/assets/images/user/2.jpg]
[vihonet.pixelstrap.com/Authentication/LoginWithImageTwo.html]
[vihonet.pixelstrap.com/assets/images/dashboard/1.png]
[vihonet.pixelstrap.com/User/UserProfile.html]
[vihonet.pixelstrap.com/Dashboard/Ecommerce.html]
[vihonet.pixelstrap.com/widgets.html]
[vihonet.pixelstrap.com/widgets/chart_widget.html]
[vihonet.pixelstrap.com/Page_Layout/BoxLayout.html]
[vihonet.pixelstrap.com/Page_Layout/RTL.html]
[vihonet.pixelstrap.com/Page_Layout/Dark.html]
[vihonet.pixelstrap.com/Page_Layout/FooterLight.html]
[vihonet.pixelstrap.com/Page_Layout/FooterDark.html]
[vihonet.pixelstrap.com/Page_Layout/FooterFixed.html]
[vihonet.pixelstrap.com/UIKits/StateColor.html]
[vihonet.pixelstrap.com/UIKits/Typography.html]
[vihonet.pixelstrap.com/UIKits/Avatars.html]
[vihonet.pixelstrap.com/UIKits/HelperClasses.html]
[vihonet.pixelstrap.com/UIKits/Grid.html]
[vihonet.pixelstrap.com/UIKits/TagAndPills.html]
[vihonet.pixelstrap.com/UIKits/Progress.html]
[vihonet.pixelstrap.com/UIKits/Modal.html]
[vihonet.pixelstrap.com/UIKits/Alert.html]
[vihonet.pixelstrap.com/UIKits/Popover.html]
[vihonet.pixelstrap.com/UIKits/Tooltip.html]
[vihonet.pixelstrap.com/UIKits/Spinners.html]
[vihonet.pixelstrap.com/UIKits/Dropdown.html]
[vihonet.pixelstrap.com/UIKits/Accordion.html]
[vihonet.pixelstrap.com/UIKits/BootstrapTabs.html]
[vihonet.pixelstrap.com/UIKits/LineTabs.html]
[vihonet.pixelstrap.com/UIKits/Navs.html]
[vihonet.pixelstrap.com/UIKits/Shadow.html]
[vihonet.pixelstrap.com/UIKits/Lists.html]
[vihonet.pixelstrap.com/BonusUi/Scrollable.html]
[vihonet.pixelstrap.com/BonusUi/TreeView.html]
[vihonet.pixelstrap.com/BonusUi/BootstrapNotify.html]
[vihonet.pixelstrap.com/BonusUi/Rating.html]
[vihonet.pixelstrap.com/BonusUi/dropzone.html]
[vihonet.pixelstrap.com/BonusUi/Tour.html]
[vihonet.pixelstrap.com/BonusUi/SweetAlert2.html]
[vihonet.pixelstrap.com/BonusUi/AnimatedModal.html]
[vihonet.pixelstrap.com/BonusUi/OwlCarousel.html]
[vihonet.pixelstrap.com/BonusUi/Ribbons.html]
[vihonet.pixelstrap.com/BonusUi/Pagination.html]
[vihonet.pixelstrap.com/BonusUi/Steps.html]
[vihonet.pixelstrap.com/BonusUi/Breadcrumb.html]
[vihonet.pixelstrap.com/BonusUi/RangeSlider.html]
[vihonet.pixelstrap.com/BonusUi/ImageCropper.html]
[vihonet.pixelstrap.com/BonusUi/Sticky.html]
[vihonet.pixelstrap.com/BonusUi/BasicCard.html]
[vihonet.pixelstrap.com/BonusUi/CreativeCard.html]
[vihonet.pixelstrap.com/BonusUi/TabbedCard.html]
[vihonet.pixelstrap.com/BonusUi/DraggableCard.html]
[vihonet.pixelstrap.com/BonusUi/Timeline1.html]
[vihonet.pixelstrap.com/BonusUi/Timeline2.html]
[vihonet.pixelstrap.com/Builders/FormBuilder1.html]
[vihonet.pixelstrap.com/Builders/FormBuilder2.html]
[vihonet.pixelstrap.com/Builders/PageBuilder.html]
[vihonet.pixelstrap.com/Builders/ButtonBuilder.html]
[vihonet.pixelstrap.com/Animation/Animate.html]
[vihonet.pixelstrap.com/Animation/ScrollReveal.html]
[vihonet.pixelstrap.com/Animation/AOSAnimation.html]
[vihonet.pixelstrap.com/Animation/TiltAnimation.html]
[vihonet.pixelstrap.com/Animation/WowAnimation.html]
[vihonet.pixelstrap.com/Icons/FlagIcon.html]
[vihonet.pixelstrap.com/Icons/FontawesomeIcon.html]
[vihonet.pixelstrap.com/Icons/IcoIcon.html]
[vihonet.pixelstrap.com/Icons/ThimifyIcon.html]
[vihonet.pixelstrap.com/Icons/FeatherIcon.html]
[vihonet.pixelstrap.com/Icons/WhetherIcon.html]
[vihonet.pixelstrap.com/Buttons/DefaultStyle.html]
[vihonet.pixelstrap.com/Buttons/FlatStyle.html]
[vihonet.pixelstrap.com/Buttons/EdgeStyle.html]
[vihonet.pixelstrap.com/Buttons/RaisedStyle.html]
[vihonet.pixelstrap.com/Buttons/ButtonGroup.html]
[vihonet.pixelstrap.com/Charts/ApexChart.html]
[vihonet.pixelstrap.com/Charts/GoogleChart.html]
[vihonet.pixelstrap.com/Charts/SparklineChart.html]
[vihonet.pixelstrap.com/Charts/FlotChart.html]
[vihonet.pixelstrap.com/Charts/KnobChart.html]
[vihonet.pixelstrap.com/Charts/MorrisChart.html]
[vihonet.pixelstrap.com/Charts/ChatjsChart.html]
[vihonet.pixelstrap.com/Charts/ChartistChart.html]
[vihonet.pixelstrap.com/Charts/PeityChart.html]
[vihonet.pixelstrap.com/Form/FormValidation.html]
[vihonet.pixelstrap.com/Form/BaseInput.html]
[vihonet.pixelstrap.com/Form/CheckboxAndRadio.html]
[vihonet.pixelstrap.com/Form/InputGroups.html]
[vihonet.pixelstrap.com/Form/MegaOptions.html]
[vihonet.pixelstrap.com/FormWidgets/DatePicker.html]
[vihonet.pixelstrap.com/FormWidgets/TimePicker.html]
[vihonet.pixelstrap.com/FormWidgets/DateTimePicker.html]
[vihonet.pixelstrap.com/FormWidgets/DaterangePicker.html]
[vihonet.pixelstrap.com/FormWidgets/Touchspin.html]
[vihonet.pixelstrap.com/FormWidgets/Select2.html]
[vihonet.pixelstrap.com/FormWidgets/Switch.html]
[vihonet.pixelstrap.com/FormWidgets/Typehead.html]
[vihonet.pixelstrap.com/FormWidgets/Clipboard.html]
[vihonet.pixelstrap.com/FormLayout/DefaultForm.html]
[vihonet.pixelstrap.com/FormLayout/FormWizard1.html]
[vihonet.pixelstrap.com/FormLayout/FormWizard2.html]
[vihonet.pixelstrap.com/FormLayout/FormWizard3.html]
[vihonet.pixelstrap.com/BootstrapTables/BasicTables.html]
[vihonet.pixelstrap.com/BootstrapTables/SizingTables.html]
[vihonet.pixelstrap.com/BootstrapTables/BorderTables.html]
[vihonet.pixelstrap.com/BootstrapTables/StylingTables.html]
[vihonet.pixelstrap.com/BootstrapTables/TableComponents.html]
[vihonet.pixelstrap.com/DataTable/BasicInit.html]
[vihonet.pixelstrap.com/DataTable/AdvanceInit.html]
[vihonet.pixelstrap.com/DataTable/Styling.html]
[vihonet.pixelstrap.com/DataTable/Ajax.html]
[vihonet.pixelstrap.com/DataTable/ServerSide.html]
[vihonet.pixelstrap.com/DataTable/PlugIn.html]
[vihonet.pixelstrap.com/DataTable/API.html]
[vihonet.pixelstrap.com/DataTable/DataSource.html]
[vihonet.pixelstrap.com/ExDataTable/Autofill.html]
[vihonet.pixelstrap.com/ExDataTable/BasicButton.html]
[vihonet.pixelstrap.com/ExDataTable/ColumnReorder.html]
[vihonet.pixelstrap.com/ExDataTable/FixedHeader.html]
[vihonet.pixelstrap.com/ExDataTable/KeyTable.html]
[vihonet.pixelstrap.com/ExDataTable/Responsive.html]
[vihonet.pixelstrap.com/ExDataTable/RowReorder.html]
[vihonet.pixelstrap.com/ExDataTable/Scroller.html]
[vihonet.pixelstrap.com/JsGridTable/JsGridTable.html]
[vihonet.pixelstrap.com/Project/projects.html]
[vihonet.pixelstrap.com/Project/ProjectCreate.html]
[vihonet.pixelstrap.com/FileManager/FileManager.html]
[vihonet.pixelstrap.com/KanbanBoard/kanbanBoard.html]
[vihonet.pixelstrap.com/Ecommerce/product.html]
[vihonet.pixelstrap.com/Ecommerce/ProductPage.html]
[vihonet.pixelstrap.com/Ecommerce/ProductList.html]
[vihonet.pixelstrap.com/Ecommerce/PaymentDetails.html]
[vihonet.pixelstrap.com/Ecommerce/OrderHistory.html]
[vihonet.pixelstrap.com/Ecommerce/InvoiceTemplete.html]
[vihonet.pixelstrap.com/Ecommerce/Cart.html]
[vihonet.pixelstrap.com/Ecommerce/Wishlist.html]
[vihonet.pixelstrap.com/Ecommerce/Checkout.html]
[vihonet.pixelstrap.com/Ecommerce/Pricing.html]
[vihonet.pixelstrap.com/Email/EmailInbox.html]
[vihonet.pixelstrap.com/Email/EmailRead.html]
[vihonet.pixelstrap.com/Email/EmailCompose.html]
[vihonet.pixelstrap.com/Chat/ChatApp.html]
[vihonet.pixelstrap.com/Chat/VideoChat.html]
[vihonet.pixelstrap.com/User/UserEdit.html]
[vihonet.pixelstrap.com/User/UserCards.html]
[vihonet.pixelstrap.com/Bookmark/Bookmark.html]
[vihonet.pixelstrap.com/Contacts/Contacts.html]
[vihonet.pixelstrap.com/Task/Task.html]
[vihonet.pixelstrap.com/Calender/Calender.html]
[vihonet.pixelstrap.com/SocialApp/SocialApp.html]
[vihonet.pixelstrap.com/ToDo/Todo.html]
[vihonet.pixelstrap.com/Search/Search.html]
[vihonet.pixelstrap.com/landingPage/landingPages.html]
[vihonet.pixelstrap.com/SamplePage/SamplePage.html]
[vihonet.pixelstrap.com/Internationalization/Internationalization.html]
[vihonet.pixelstrap.com/assets/starter-kit/index.html]
[vihonet.pixelstrap.com/ErrorPage/ErrorPage1.html]
[vihonet.pixelstrap.com/ErrorPage/ErrorPage2.html]
[vihonet.pixelstrap.com/ErrorPage/ErrorPage3.html]
[vihonet.pixelstrap.com/ErrorPage/ErrorPage4.html]
[vihonet.pixelstrap.com/Authentication/LoginSimple.html]
[vihonet.pixelstrap.com/Authentication/LoginWithBgImage.html]
[vihonet.pixelstrap.com/Authentication/LoginWithValidation.html]
[vihonet.pixelstrap.com/Authentication/LoginWithTooltip.html]
[vihonet.pixelstrap.com/Authentication/LoginWithSweetalert.html]
[vihonet.pixelstrap.com/Authentication/RegisterSimple.html]
[vihonet.pixelstrap.com/Authentication/RegisterWithBgImage.html]
[vihonet.pixelstrap.com/Authentication/RegisterWithBgVideo.html]
[vihonet.pixelstrap.com/Authentication/UnlockUser.html]
[vihonet.pixelstrap.com/Authentication/ForgetPassword.html]
[vihonet.pixelstrap.com/Authentication/CreatPassword.html]
[vihonet.pixelstrap.com/Authentication/Maintenance.html]
[vihonet.pixelstrap.com/ComingSoon/ComingSoon.html]
[vihonet.pixelstrap.com/ComingSoon/ComingWithBgVideo.html]
[vihonet.pixelstrap.com/ComingSoon/ComingwithBgImage.html]
[vihonet.pixelstrap.com/EmailTemplates/BasicEmail.html]
[vihonet.pixelstrap.com/EmailTemplates/BasicWithHeader.html]
[vihonet.pixelstrap.com/EmailTemplates/EcomerceTemplate.html]
[vihonet.pixelstrap.com/EmailTemplates/EmailTemplate2.html]
[vihonet.pixelstrap.com/EmailTemplates/EcommerceEmail.html]
[vihonet.pixelstrap.com/EmailTemplates/OrderSuccess.html]
[vihonet.pixelstrap.com/Gallery/GalleryGrid.html]
[vihonet.pixelstrap.com/Gallery/GalleryGridDesc.html]
[vihonet.pixelstrap.com/Gallery/MasonryGallery.html]
[vihonet.pixelstrap.com/Gallery/MasonryWithDesc.html]
[vihonet.pixelstrap.com/Gallery/HoverEffects.html]
[vihonet.pixelstrap.com/Blog/BlogDetails.html]
[vihonet.pixelstrap.com/Blog/BlogSingle.html]
[vihonet.pixelstrap.com/Blog/AddPost.html]
[vihonet.pixelstrap.com/FAQ/FAQ.html]
[vihonet.pixelstrap.com/JobSearch/CardsView.html]
[vihonet.pixelstrap.com/JobSearch/ListView.html]
[vihonet.pixelstrap.com/JobSearch/JobDetails.html]
[vihonet.pixelstrap.com/JobSearch/Apply.html]
[vihonet.pixelstrap.com/Learning/LearningList.html]
[vihonet.pixelstrap.com/Learning/DetailedCourse.html]
[vihonet.pixelstrap.com/Maps/MapJS.html]
[vihonet.pixelstrap.com/Maps/VectorMaps.html]
[vihonet.pixelstrap.com/Editor/SummerNote.html]
[vihonet.pixelstrap.com/Editor/CkEditor.html]
[vihonet.pixelstrap.com/Editor/MDEEditor.html]
[vihonet.pixelstrap.com/Editor/ACECodeEditor.html]
[vihonet.pixelstrap.com/Knowledge/Knowledgebase.html]
[vihonet.pixelstrap.com/Knowledge/knowledgeCategory.html]
[vihonet.pixelstrap.com/Knowledge/KnowledgeDetail.html]
[vihonet.pixelstrap.com/SupportTicket/SupportTicket.html]
[vihonet.pixelstrap.com/assets/images/dashboard/product-1.png]
[vihonet.pixelstrap.com/assets/images/dashboard/graph-1.png]
[vihonet.pixelstrap.com/assets/images/dashboard/product-2.png]
[vihonet.pixelstrap.com/assets/images/dashboard/graph-2.png]
[vihonet.pixelstrap.com/assets/images/dashboard/product-3.png]
[vihonet.pixelstrap.com/assets/images/dashboard/graph-3.png]
[vihonet.pixelstrap.com/assets/images/dashboard/product-4.png]
[vihonet.pixelstrap.com/assets/images/dashboard/graph-4.png]
[vihonet.pixelstrap.com/assets/images/dashboard/product-5.png]
[vihonet.pixelstrap.com/assets/images/dashboard/graph-5.png]
[vihonet.pixelstrap.com/assets/js/jquery-3.5.1.min.js]
[vihonet.pixelstrap.com/assets/js/icons/feather-icon/feather.min.js]
[vihonet.pixelstrap.com/assets/js/icons/feather-icon/feather-icon.js]
[vihonet.pixelstrap.com/assets/js/sidebar-menu.js]
[vihonet.pixelstrap.com/assets/js/config.js]
[vihonet.pixelstrap.com/assets/js/bootstrap/popper.min.js]
[vihonet.pixelstrap.com/assets/js/bootstrap/bootstrap.min.js]
[vihonet.pixelstrap.com/assets/js/chart/chartist/chartist.js]
[vihonet.pixelstrap.com/assets/js/chart/chartist/chartist-plugin-tooltip.js]
[vihonet.pixelstrap.com/assets/js/chart/knob/knob.min.js]
[vihonet.pixelstrap.com/assets/js/chart/knob/knob-chart.js]
[vihonet.pixelstrap.com/assets/js/chart/apex-chart/apex-chart.js]
[vihonet.pixelstrap.com/assets/js/chart/apex-chart/stock-prices.js]
[vihonet.pixelstrap.com/assets/js/prism/prism.min.js]
[vihonet.pixelstrap.com/assets/js/clipboard/clipboard.min.js]
[vihonet.pixelstrap.com/assets/js/counter/jquery.waypoints.min.js]
[vihonet.pixelstrap.com/assets/js/counter/jquery.counterup.min.js]
[vihonet.pixelstrap.com/assets/js/counter/counter-custom.js]
[vihonet.pixelstrap.com/assets/js/custom-card/custom-card.js]
[vihonet.pixelstrap.com/assets/js/notify/bootstrap-notify.min.js]
[vihonet.pixelstrap.com/assets/js/vector-map/jquery-jvectormap-2.0.2.min.js]
[vihonet.pixelstrap.com/assets/js/vector-map/map/jquery-jvectormap-world-mill-en.js]
[vihonet.pixelstrap.com/assets/js/vector-map/map/jquery-jvectormap-us-aea-en.js]
[vihonet.pixelstrap.com/assets/js/vector-map/map/jquery-jvectormap-uk-mill-en.js]
[vihonet.pixelstrap.com/assets/js/vector-map/map/jquery-jvectormap-au-mill.js]
[vihonet.pixelstrap.com/assets/js/vector-map/map/jquery-jvectormap-chicago-mill-en.js]
[vihonet.pixelstrap.com/assets/js/vector-map/map/jquery-jvectormap-in-mill.js]
[vihonet.pixelstrap.com/assets/js/vector-map/map/jquery-jvectormap-asia-mill.js]
[vihonet.pixelstrap.com/assets/js/dashboard/default.js]
[vihonet.pixelstrap.com/assets/js/notify/index.js]
[vihonet.pixelstrap.com/assets/js/datepicker/date-picker/datepicker.js]
[vihonet.pixelstrap.com/assets/js/datepicker/date-picker/datepicker.en.js]
[vihonet.pixelstrap.com/assets/js/datepicker/date-picker/datepicker.custom.js]
[vihonet.pixelstrap.com/assets/js/script.js]
[vihonet.pixelstrap.com/index.html]
[vihonet.pixelstrap.com/assets/js/theme-customizer/customizer.js]
[vihonet.pixelstrap.com/assets/fonts/font-awesome/fontawesome-webfont3e6e.eot]
[vihonet.pixelstrap.com/assets/fonts/font-awesome/fontawesome-webfontd41d.eot]
[vihonet.pixelstrap.com/assets/fonts/font-awesome/fontawesome-webfont3e6e.woff2]
[vihonet.pixelstrap.com/assets/fonts/font-awesome/fontawesome-webfont3e6e.woff]
[vihonet.pixelstrap.com/assets/fonts/font-awesome/fontawesome-webfont3e6e.ttf]
[vihonet.pixelstrap.com/assets/css/fontawesome.css]
[vihonet.pixelstrap.com/assets/fonts/ico/icofont7858.eot]
[vihonet.pixelstrap.com/assets/fonts/ico/icofont7858.ttf]
[vihonet.pixelstrap.com/assets/fonts/ico/icofont7858.woff]
[vihonet.pixelstrap.com/assets/css/icofont.css]
[vihonet.pixelstrap.com/assets/fonts/themify/themify9f24.eot]
[vihonet.pixelstrap.com/assets/fonts/themify/themifyd41d.eot]
[vihonet.pixelstrap.com/assets/fonts/themify/themify9f24.woff]
[vihonet.pixelstrap.com/assets/fonts/themify/themify9f24.ttf]
[vihonet.pixelstrap.com/assets/css/themify.css]
[vihonet.pixelstrap.com/assets/css/flag-icon.css]
[vihonet.pixelstrap.com/assets/css/feather-icon.css]
[vihonet.pixelstrap.com/assets/css/scrollable.css]
[vihonet.pixelstrap.com/assets/images/tree/32px.png]
[vihonet.pixelstrap.com/assets/images/tree/throbber.gif]
[vihonet.pixelstrap.com/assets/images/tree/40px.png]
[vihonet.pixelstrap.com/assets/css/tree.css]
[vihonet.pixelstrap.com/assets/css/slick.css]
[vihonet.pixelstrap.com/assets/images/ajax-loader.gif]
[vihonet.pixelstrap.com/assets/fonts/slick/slick.eot]
[vihonet.pixelstrap.com/assets/fonts/slick/slickd41d.eot]
[vihonet.pixelstrap.com/assets/fonts/slick/slick.woff]
[vihonet.pixelstrap.com/assets/fonts/slick/slick.ttf]
[vihonet.pixelstrap.com/assets/css/slick-theme.css]
[vihonet.pixelstrap.com/assets/css/rating.css]
[vihonet.pixelstrap.com/assets/css/dropzone.css]
[vihonet.pixelstrap.com/assets/fonts/summernote/summernote9d3d.eot]
[vihonet.pixelstrap.com/assets/fonts/summernote/summernoted41d.eot]
[vihonet.pixelstrap.com/assets/fonts/summernote/summernote9d3d.woff]
[vihonet.pixelstrap.com/assets/fonts/summernote/summernote9d3d.ttf]
[vihonet.pixelstrap.com/assets/css/summernote.css]
[vihonet.pixelstrap.com/assets/images/js-grid.png]
[vihonet.pixelstrap.com/assets/css/jsgrid.css]
[vihonet.pixelstrap.com/assets/images/lightgallry/default-skin.png]
[vihonet.pixelstrap.com/assets/css/photoswipe.css]
[vihonet.pixelstrap.com/assets/css/jkanban.css]
[vihonet.pixelstrap.com/assets/css/tour.css]
[vihonet.pixelstrap.com/assets/css/todo.css]
[vihonet.pixelstrap.com/assets/css/sweetalert2.css]
[vihonet.pixelstrap.com/assets/images/range-slider/sprite-skin-modern-1.png]
[vihonet.pixelstrap.com/assets/css/range-slider.css]
[vihonet.pixelstrap.com/assets/css/image-cropper.css]
[vihonet.pixelstrap.com/assets/css/sticky.css]
[vihonet.pixelstrap.com/assets/css/page-builder.css]
[vihonet.pixelstrap.com/assets/images/button_builder/colorpicker_overlay.png]
[vihonet.pixelstrap.com/assets/images/button_builder/colorpicker_select.gif]
[vihonet.pixelstrap.com/assets/images/button_builder/select.png]
[vihonet.pixelstrap.com/assets/images/button_builder/checkbox-sprite.png]
[vihonet.pixelstrap.com/assets/images/button_builder/hex_bg.gif]
[vihonet.pixelstrap.com/assets/images/button_builder/rainbow.png]
[vihonet.pixelstrap.com/assets/images/button_builder/scroll.png]
[vihonet.pixelstrap.com/assets/css/button-builder.css]
[vihonet.pixelstrap.com/assets/css/animate.css]
[vihonet.pixelstrap.com/assets/css/chartist.css]
[vihonet.pixelstrap.com/assets/css/simple-mde.css]
[vihonet.pixelstrap.com/assets/css/mapsjs-ui.css]
[vihonet.pixelstrap.com/assets/css/owlcarousel.css]
[vihonet.pixelstrap.com/assets/css/whether-icon.css]
[vihonet.pixelstrap.com/assets/css/aos.css]
[vihonet.pixelstrap.com/assets/css/prism.css]
[vihonet.pixelstrap.com/assets/css/date-picker.css]
[vihonet.pixelstrap.com/assets/css/daterange-picker.css]
[vihonet.pixelstrap.com/assets/css/timepicker.css]
[vihonet.pixelstrap.com/assets/css/vector-map.css]
[vihonet.pixelstrap.com/assets/css/select2.css]
[vihonet.pixelstrap.com/assets/css/datatable-extension.css]
[vihonet.pixelstrap.com/assets/images/sort_both.png]
[vihonet.pixelstrap.com/assets/images/sort_asc.png]
[vihonet.pixelstrap.com/assets/images/sort_desc.png]
[vihonet.pixelstrap.com/assets/images/sort_asc_disabled.png]
[vihonet.pixelstrap.com/assets/images/sort_desc_disabled.png]
[vihonet.pixelstrap.com/assets/css/datatables.css]
[vihonet.pixelstrap.com/assets/css/bootstrap.css]
[vihonet.pixelstrap.com/assets/images/other-images/maintenance-bg.jpg]
[vihonet.pixelstrap.com/assets/images/other-images/coming-soon-bg.jpg]
[vihonet.pixelstrap.com/assets/images/details_open.png]
[vihonet.pixelstrap.com/assets/images/details_close.png]
[vihonet.pixelstrap.com/assets/images/dashboard/bg.jpg]
[vihonet.pixelstrap.com/assets/images/other-images/mobile-clock-wallpaper.jpg]
[vihonet.pixelstrap.com/assets/images/other-images/clock-face.png]
[vihonet.pixelstrap.com/assets/images/other-images/calender-bg.png]
[vihonet.pixelstrap.com/assets/images/dashboard-2/target1.png]
[vihonet.pixelstrap.com/assets/css/style.css]
[vihonet.pixelstrap.com/assets/css/color-1.css]
[vihonet.pixelstrap.com/assets/css/responsive.css]
[vihonet.pixelstrap.com/assets/images/login/3.jpg]
[vihonet.pixelstrap.com/Authentication/LoginWithImageTwo.html]
[vihonet.pixelstrap.com/assets/images/user-profile/bg-profile.jpg]
[vihonet.pixelstrap.com/assets/images/user/7.jpg]
[vihonet.pixelstrap.com/assets/images/user/2.png]
[vihonet.pixelstrap.com/assets/images/user/3.png]
[vihonet.pixelstrap.com/assets/images/user/3.jpg]
[vihonet.pixelstrap.com/assets/images/user/10.jpg]
[vihonet.pixelstrap.com/assets/images/user/11.png]
[vihonet.pixelstrap.com/assets/images/social-app/post-1.png]
[vihonet.pixelstrap.com/assets/images/social-app/post-2.png]
[vihonet.pixelstrap.com/assets/images/social-app/post-3.png]
[vihonet.pixelstrap.com/assets/images/social-app/post-4.png]
[vihonet.pixelstrap.com/assets/images/social-app/post-5.png]
[vihonet.pixelstrap.com/assets/images/social-app/post-6.png]
[vihonet.pixelstrap.com/assets/images/social-app/post-7.png]
[vihonet.pixelstrap.com/assets/images/social-app/post-8.png]
[vihonet.pixelstrap.com/assets/images/user/5.jpg]
[vihonet.pixelstrap.com/assets/images/user/6.jpg]
[vihonet.pixelstrap.com/assets/images/user/14.png]
[vihonet.pixelstrap.com/assets/images/user/8.jpg]
[vihonet.pixelstrap.com/assets/images/user-profile/post1.jpg]
[vihonet.pixelstrap.com/assets/images/user-profile/post2.jpg]
[vihonet.pixelstrap.com/assets/images/user-profile/post3.jpg]
[vihonet.pixelstrap.com/assets/images/user-profile/post4.jpg]
[vihonet.pixelstrap.com/assets/js/photoswipe/photoswipe.min.js]
[vihonet.pixelstrap.com/assets/js/photoswipe/photoswipe-ui-default.min.js]
[vihonet.pixelstrap.com/User/UserProfile.html]
[vihonet.pixelstrap.com/assets/js/photoswipe/photoswipe.js]
[vihonet.pixelstrap.com/assets/images/dashboard-2/1.png]
[vihonet.pixelstrap.com/assets/images/dashboard-2/8.png]
[vihonet.pixelstrap.com/assets/images/dashboard-2/3.png]
[vihonet.pixelstrap.com/assets/images/dashboard-2/4.png]
[vihonet.pixelstrap.com/assets/images/dashboard-2/5.png]
[vihonet.pixelstrap.com/assets/images/dashboard-2/6.png]
[vihonet.pixelstrap.com/assets/images/dashboard-2/7.png]
[vihonet.pixelstrap.com/assets/images/dashboard-2/9.png]
[vihonet.pixelstrap.com/assets/images/dashboard-2/11.png]
[vihonet.pixelstrap.com/assets/images/dashboard-2/10.png]
[vihonet.pixelstrap.com/assets/js/chart/chartjs/chart.min.js]
[vihonet.pixelstrap.com/assets/js/owlcarousel/owl.carousel.js]
[vihonet.pixelstrap.com/assets/js/owlcarousel/owl-custom.js]
[vihonet.pixelstrap.com/Dashboard/Ecommerce.html]
[vihonet.pixelstrap.com/assets/js/dashboard/dashboard_2.js]
[vihonet.pixelstrap.com/assets/images/dashboard/boy-2.png]
[vihonet.pixelstrap.com/assets/images/user-card/3.jpg]
[vihonet.pixelstrap.com/assets/images/avtar/3.jpg]
[vihonet.pixelstrap.com/assets/images/dashboard/chrome.png]
[vihonet.pixelstrap.com/assets/images/dashboard/firefox.png]
[vihonet.pixelstrap.com/assets/images/dashboard/safari.png]
[vihonet.pixelstrap.com/assets/js/general-widget.js]
[vihonet.pixelstrap.com/assets/js/height-equal.js]
[vihonet.pixelstrap.com/widgets.html]
[vihonet.pixelstrap.com/assets/js/tooltip-init.js]
[vihonet.pixelstrap.com/assets/js/chart/apex-chart/moment.min.js]
[vihonet.pixelstrap.com/widgets/chart_widget.html]
[vihonet.pixelstrap.com/Page_Layout/BoxLayout.html]
[vihonet.pixelstrap.com/Page_Layout/RTL.html]
[vihonet.pixelstrap.com/Page_Layout/Dark.html]
[vihonet.pixelstrap.com/Page_Layout/FooterLight.html]
[vihonet.pixelstrap.com/Page_Layout/FooterDark.html]
[vihonet.pixelstrap.com/Page_Layout/FooterFixed.html]
[vihonet.pixelstrap.com/UIKits/StateColor.html]
[vihonet.pixelstrap.com/UIKits/Typography.html]
[vihonet.pixelstrap.com/assets/js/chart-widget.js]
[vihonet.pixelstrap.com/assets/images/user/16.png]
[vihonet.pixelstrap.com/UIKits/Avatars.html]
[vihonet.pixelstrap.com/UIKits/HelperClasses.html]
[vihonet.pixelstrap.com/UIKits/Grid.html]
[vihonet.pixelstrap.com/UIKits/TagAndPills.html]
[vihonet.pixelstrap.com/UIKits/Progress.html]
[vihonet.pixelstrap.com/UIKits/Modal.html]
[vihonet.pixelstrap.com/UIKits/Alert.html]
[vihonet.pixelstrap.com/UIKits/Popover.html]
[vihonet.pixelstrap.com/UIKits/Tooltip.html]
[vihonet.pixelstrap.com/UIKits/Spinners.html]
[vihonet.pixelstrap.com/UIKits/Dropdown.html]
[vihonet.pixelstrap.com/UIKits/Accordion.html]
[vihonet.pixelstrap.com/UIKits/BootstrapTabs.html]
[vihonet.pixelstrap.com/UIKits/LineTabs.html]
[vihonet.pixelstrap.com/UIKits/Navs.html]
[vihonet.pixelstrap.com/UIKits/Shadow.html]
[vihonet.pixelstrap.com/UIKits/Lists.html]
[vihonet.pixelstrap.com/assets/js/popover-custom.js]
[vihonet.pixelstrap.com/assets/images/banner/2.jpg]
[vihonet.pixelstrap.com/assets/images/banner/3.jpg]
[vihonet.pixelstrap.com/assets/images/banner/1.jpg]
[vihonet.pixelstrap.com/assets/js/scrollable/perfect-scrollbar.min.js]
[vihonet.pixelstrap.com/BonusUi/Scrollable.html]
[vihonet.pixelstrap.com/assets/js/scrollable/scrollable-custom.js]
[vihonet.pixelstrap.com/assets/js/tree/jstree.min.js]
[vihonet.pixelstrap.com/BonusUi/TreeView.html]
[vihonet.pixelstrap.com/assets/js/tree/tree.js]
[vihonet.pixelstrap.com/BonusUi/BootstrapNotify.html]
[vihonet.pixelstrap.com/assets/js/notify/notify-script.js]
[vihonet.pixelstrap.com/assets/js/rating/jquery.barrating.js]
[vihonet.pixelstrap.com/BonusUi/Rating.html]
[vihonet.pixelstrap.com/assets/js/rating/rating-script.js]
[vihonet.pixelstrap.com/assets/js/dropzone/dropzone.js]
[vihonet.pixelstrap.com/BonusUi/dropzone.html]
[vihonet.pixelstrap.com/assets/js/dropzone/dropzone-script.js]
[vihonet.pixelstrap.com/assets/js/tour/intro.js]
[vihonet.pixelstrap.com/BonusUi/Tour.html]
[vihonet.pixelstrap.com/assets/js/tour/intro-init.js]
[vihonet.pixelstrap.com/assets/js/sweet-alert/sweetalert.min.js]
[vihonet.pixelstrap.com/BonusUi/SweetAlert2.html]
[vihonet.pixelstrap.com/assets/js/sweet-alert/app.js]
[vihonet.pixelstrap.com/BonusUi/AnimatedModal.html]
[vihonet.pixelstrap.com/assets/js/modal-animated.js]
[vihonet.pixelstrap.com/assets/images/slider/1.jpg]
[vihonet.pixelstrap.com/assets/images/slider/2.jpg]
[vihonet.pixelstrap.com/assets/images/slider/3.jpg]
[vihonet.pixelstrap.com/assets/images/slider/4.jpg]
[vihonet.pixelstrap.com/assets/images/slider/5.jpg]
[vihonet.pixelstrap.com/assets/images/slider/6.jpg]
[vihonet.pixelstrap.com/assets/images/slider/7.jpg]
[vihonet.pixelstrap.com/assets/images/slider/8.jpg]
[vihonet.pixelstrap.com/assets/images/slider/9.jpg]
[vihonet.pixelstrap.com/assets/images/slider/10.jpg]
[vihonet.pixelstrap.com/assets/images/slider/11.jpg]
[vihonet.pixelstrap.com/assets/images/slider-auto-width/14.jpg]
[vihonet.pixelstrap.com/assets/images/slider-auto-width/11.jpg]
[vihonet.pixelstrap.com/assets/images/slider-auto-width/12.jpg]
[vihonet.pixelstrap.com/assets/images/slider-auto-width/13.jpg]
[vihonet.pixelstrap.com/assets/images/slider-auto-width/15.jpg]
[vihonet.pixelstrap.com/BonusUi/OwlCarousel.html]
[vihonet.pixelstrap.com/BonusUi/Ribbons.html]
[vihonet.pixelstrap.com/BonusUi/Pagination.html]
[vihonet.pixelstrap.com/BonusUi/Steps.html]
[vihonet.pixelstrap.com/BonusUi/Breadcrumb.html]
[vihonet.pixelstrap.com/assets/js/range-slider/ion.rangeSlider.min.js]
[vihonet.pixelstrap.com/BonusUi/RangeSlider.html]
[vihonet.pixelstrap.com/assets/js/range-slider/rangeslider-script.js]
[vihonet.pixelstrap.com/assets/images/other-images/img-cropper.jpg]
[vihonet.pixelstrap.com/assets/js/image-cropper/cropper.js]
[vihonet.pixelstrap.com/BonusUi/ImageCropper.html]
[vihonet.pixelstrap.com/assets/js/image-cropper/cropper-main.js]
[vihonet.pixelstrap.com/assets/js/jquery.ui.min.js]
[vihonet.pixelstrap.com/BonusUi/Sticky.html]
[vihonet.pixelstrap.com/BonusUi/BasicCard.html]
[vihonet.pixelstrap.com/BonusUi/CreativeCard.html]
[vihonet.pixelstrap.com/BonusUi/TabbedCard.html]
[vihonet.pixelstrap.com/assets/js/sticky/sticky.js]
[vihonet.pixelstrap.com/assets/js/dragable/sortable.js]
[vihonet.pixelstrap.com/BonusUi/DraggableCard.html]
[vihonet.pixelstrap.com/assets/js/dragable/sortable-custom.js]
[vihonet.pixelstrap.com/assets/audio/horse.ogg]
[vihonet.pixelstrap.com/assets/js/timeline/timeline-v-1/main.js]
[vihonet.pixelstrap.com/BonusUi/Timeline1.html]
[vihonet.pixelstrap.com/assets/js/modernizr.js]
[vihonet.pixelstrap.com/assets/js/timeline/timeline-v-2/jquery.timeliny.min.js]
[vihonet.pixelstrap.com/BonusUi/Timeline2.html]
[vihonet.pixelstrap.com/assets/js/timeline/timeline-v-2/timeline-v-2-custom.js]
[vihonet.pixelstrap.com/assets/js/form-builder/form-builder-1/require.js]
[vihonet.pixelstrap.com/Builders/FormBuilder1.html]
[vihonet.pixelstrap.com/assets/js/form-builder/form-builder-1/main-built.js]
[vihonet.pixelstrap.com/assets/js/form-builder/form-builder-2/beautifyhtml.js]
[vihonet.pixelstrap.com/Builders/FormBuilder2.html]
[vihonet.pixelstrap.com/assets/js/form-builder/form-builder-2/form-builder-2.js]
[vihonet.pixelstrap.com/assets/js/editor/ckeditor/adapters/jquery.js]
[vihonet.pixelstrap.com/assets/js/editor/ckeditor/ckeditor.js]
[vihonet.pixelstrap.com/assets/js/page-builder/jquery.grideditor.min.js]
[vihonet.pixelstrap.com/Builders/PageBuilder.html]
[vihonet.pixelstrap.com/assets/js/page-builder/page-builder-custom.js]
[vihonet.pixelstrap.com/assets/js/button-builder/colorpicker.js]
[vihonet.pixelstrap.com/assets/js/button-builder/clipboard.min.js]
[vihonet.pixelstrap.com/assets/js/button-builder/generator.js]
[vihonet.pixelstrap.com/Builders/ButtonBuilder.html]
[vihonet.pixelstrap.com/assets/js/button-builder/extend-1.0.js]
[vihonet.pixelstrap.com/Animation/Animate.html]
[vihonet.pixelstrap.com/assets/js/animation/animate-custom.js]
[vihonet.pixelstrap.com/assets/images/big-lightgallry/01.jpg]
[vihonet.pixelstrap.com/assets/images/lightgallry/01.jpg]
[vihonet.pixelstrap.com/assets/images/big-lightgallry/02.jpg]
[vihonet.pixelstrap.com/assets/images/lightgallry/02.jpg]
[vihonet.pixelstrap.com/assets/images/big-lightgallry/03.jpg]
[vihonet.pixelstrap.com/assets/images/lightgallry/03.jpg]
[vihonet.pixelstrap.com/assets/images/big-lightgallry/04.jpg]
[vihonet.pixelstrap.com/assets/images/lightgallry/04.jpg]
[vihonet.pixelstrap.com/assets/images/big-lightgallry/05.jpg]
[vihonet.pixelstrap.com/assets/images/lightgallry/05.jpg]
[vihonet.pixelstrap.com/assets/images/big-lightgallry/06.jpg]
[vihonet.pixelstrap.com/assets/images/lightgallry/06.jpg]
[vihonet.pixelstrap.com/assets/images/big-lightgallry/07.jpg]
[vihonet.pixelstrap.com/assets/images/lightgallry/07.jpg]
[vihonet.pixelstrap.com/assets/images/big-lightgallry/08.jpg]
[vihonet.pixelstrap.com/assets/images/lightgallry/08.jpg]
[vihonet.pixelstrap.com/assets/images/big-lightgallry/09.jpg]
[vihonet.pixelstrap.com/assets/images/lightgallry/09.jpg]
[vihonet.pixelstrap.com/assets/images/big-lightgallry/010.jpg]
[vihonet.pixelstrap.com/assets/images/lightgallry/010.jpg]
[vihonet.pixelstrap.com/assets/images/big-lightgallry/011.jpg]
[vihonet.pixelstrap.com/assets/images/lightgallry/011.jpg]
[vihonet.pixelstrap.com/assets/images/big-lightgallry/012.jpg]
[vihonet.pixelstrap.com/assets/images/lightgallry/012.jpg]
[vihonet.pixelstrap.com/assets/images/big-lightgallry/013.jpg]
[vihonet.pixelstrap.com/assets/images/lightgallry/013.jpg]
[vihonet.pixelstrap.com/assets/images/big-lightgallry/014.jpg]
[vihonet.pixelstrap.com/assets/images/lightgallry/014.jpg]
[vihonet.pixelstrap.com/assets/images/big-lightgallry/015.jpg]
[vihonet.pixelstrap.com/assets/images/lightgallry/015.jpg]
[vihonet.pixelstrap.com/assets/images/big-lightgallry/016.jpg]
[vihonet.pixelstrap.com/assets/images/lightgallry/016.jpg]
[vihonet.pixelstrap.com/assets/js/animation/scroll-reveal/scrollreveal.min.js]
[vihonet.pixelstrap.com/Animation/ScrollReveal.html]
[vihonet.pixelstrap.com/assets/js/animation/scroll-reveal/reveal-custom.js]
[vihonet.pixelstrap.com/assets/images/big-masonry/1.jpg]
[vihonet.pixelstrap.com/assets/images/masonry/1.jpg]
[vihonet.pixelstrap.com/assets/images/big-masonry/2.jpg]
[vihonet.pixelstrap.com/assets/images/masonry/2.jpg]
[vihonet.pixelstrap.com/assets/images/big-masonry/3.jpg]
[vihonet.pixelstrap.com/assets/images/masonry/3.jpg]
[vihonet.pixelstrap.com/assets/images/big-masonry/4.jpg]
[vihonet.pixelstrap.com/assets/images/masonry/4.jpg]
[vihonet.pixelstrap.com/assets/images/big-masonry/5.jpg]
[vihonet.pixelstrap.com/assets/images/masonry/5.jpg]
[vihonet.pixelstrap.com/assets/images/big-masonry/6.jpg]
[vihonet.pixelstrap.com/assets/images/masonry/6.jpg]
[vihonet.pixelstrap.com/assets/images/big-masonry/7.jpg]
[vihonet.pixelstrap.com/assets/images/masonry/7.jpg]
[vihonet.pixelstrap.com/assets/images/big-masonry/8.jpg]
[vihonet.pixelstrap.com/assets/images/masonry/8.jpg]
[vihonet.pixelstrap.com/assets/images/big-masonry/9.jpg]
[vihonet.pixelstrap.com/assets/images/masonry/9.jpg]
[vihonet.pixelstrap.com/assets/images/big-masonry/10.jpg]
[vihonet.pixelstrap.com/assets/images/masonry/10.jpg]
[vihonet.pixelstrap.com/assets/images/big-masonry/11.jpg]
[vihonet.pixelstrap.com/assets/images/masonry/11.jpg]
[vihonet.pixelstrap.com/assets/images/big-masonry/12.jpg]
[vihonet.pixelstrap.com/assets/images/masonry/12.jpg]
[vihonet.pixelstrap.com/assets/images/big-masonry/14.jpg]
[vihonet.pixelstrap.com/assets/images/masonry/14.jpg]
[vihonet.pixelstrap.com/assets/images/big-masonry/15.jpg]
[vihonet.pixelstrap.com/assets/images/masonry/15.jpg]
[vihonet.pixelstrap.com/assets/images/big-masonry/13.jpg]
[vihonet.pixelstrap.com/assets/images/masonry/13.jpg]
[vihonet.pixelstrap.com/assets/js/isotope.pkgd.js]
[vihonet.pixelstrap.com/assets/js/animation/aos/aos.js]
[vihonet.pixelstrap.com/Animation/AOSAnimation.html]
[vihonet.pixelstrap.com/assets/js/animation/aos/aos-init.js]
[vihonet.pixelstrap.com/assets/js/animation/tilt/tilt.jquery.js]
[vihonet.pixelstrap.com/Animation/TiltAnimation.html]
[vihonet.pixelstrap.com/assets/js/animation/tilt/tilt-custom.js]
[vihonet.pixelstrap.com/assets/js/animation/wow/wow.min.js]
[vihonet.pixelstrap.com/Animation/WowAnimation.html]
[vihonet.pixelstrap.com/assets/js/animation/wow/wow-init.js]
[vihonet.pixelstrap.com/assets/js/icons/icons-notify.js]
[vihonet.pixelstrap.com/Icons/FlagIcon.html]
[vihonet.pixelstrap.com/assets/js/icons/flag-icon-clipart.js]
[vihonet.pixelstrap.com/Icons/FontawesomeIcon.html]
[vihonet.pixelstrap.com/Icons/IcoIcon.html]
[vihonet.pixelstrap.com/Icons/ThimifyIcon.html]
[vihonet.pixelstrap.com/assets/js/icons/icon-clipart.js]
[vihonet.pixelstrap.com/Icons/FeatherIcon.html]
[vihonet.pixelstrap.com/assets/js/icons/feather-icon/feather-icon-clipart.js]
[vihonet.pixelstrap.com/Icons/WhetherIcon.html]
[vihonet.pixelstrap.com/Buttons/DefaultStyle.html]
[vihonet.pixelstrap.com/Buttons/FlatStyle.html]
[vihonet.pixelstrap.com/Buttons/EdgeStyle.html]
[vihonet.pixelstrap.com/Buttons/RaisedStyle.html]
[vihonet.pixelstrap.com/Buttons/ButtonGroup.html]
[vihonet.pixelstrap.com/assets/js/icons/whether-icon-clipart.js]
[vihonet.pixelstrap.com/Charts/ApexChart.html]
[vihonet.pixelstrap.com/assets/js/chart/apex-chart/chart-custom.js]
[vihonet.pixelstrap.com/assets/js/chart/google/google-chart-loader.js]
[vihonet.pixelstrap.com/Charts/GoogleChart.html]
[vihonet.pixelstrap.com/assets/js/chart/google/google-chart.js]
[vihonet.pixelstrap.com/assets/js/chart/sparkline/sparkline.js]
[vihonet.pixelstrap.com/Charts/SparklineChart.html]
[vihonet.pixelstrap.com/assets/js/chart/sparkline/sparkline-script.js]
[vihonet.pixelstrap.com/assets/js/chart/flot-chart/excanvas.js]
[vihonet.pixelstrap.com/assets/js/chart/flot-chart/jquery.flot.js]
[vihonet.pixelstrap.com/assets/js/chart/flot-chart/jquery.flot.time.js]
[vihonet.pixelstrap.com/assets/js/chart/flot-chart/jquery.flot.categories.js]
[vihonet.pixelstrap.com/assets/js/chart/flot-chart/jquery.flot.stack.js]
[vihonet.pixelstrap.com/assets/js/chart/flot-chart/jquery.flot.pie.js]
[vihonet.pixelstrap.com/assets/js/chart/flot-chart/jquery.flot.symbol.js]
[vihonet.pixelstrap.com/Charts/FlotChart.html]
[vihonet.pixelstrap.com/Charts/KnobChart.html]
[vihonet.pixelstrap.com/assets/js/chart/flot-chart/flot-script.js]
[vihonet.pixelstrap.com/assets/js/chart/morris-chart/raphael.js]
[vihonet.pixelstrap.com/assets/js/chart/morris-chart/morris.js]
[vihonet.pixelstrap.com/assets/js/chart/morris-chart/prettify.min.js]
[vihonet.pixelstrap.com/assets/js/chart/morris-chart/morris.min.js]
[vihonet.pixelstrap.com/Charts/MorrisChart.html]
[vihonet.pixelstrap.com/assets/js/chart/morris-chart/morris-script.js]
[vihonet.pixelstrap.com/Charts/ChatjsChart.html]
[vihonet.pixelstrap.com/assets/js/chart/chartjs/chart.custom.js]
[vihonet.pixelstrap.com/Charts/ChartistChart.html]
[vihonet.pixelstrap.com/assets/js/chart/chartist/chartist-custom.js]
[vihonet.pixelstrap.com/assets/js/chart/peity-chart/peity.jquery.js]
[vihonet.pixelstrap.com/Charts/PeityChart.html]
[vihonet.pixelstrap.com/assets/js/chart/peity-chart/peity-custom.js]
[vihonet.pixelstrap.com/Form/FormValidation.html]
[vihonet.pixelstrap.com/Form/BaseInput.html]
[vihonet.pixelstrap.com/Form/CheckboxAndRadio.html]
[vihonet.pixelstrap.com/Form/InputGroups.html]
[vihonet.pixelstrap.com/Form/MegaOptions.html]
[vihonet.pixelstrap.com/FormWidgets/DatePicker.html]
[vihonet.pixelstrap.com/assets/js/form-validation-custom.js]
[vihonet.pixelstrap.com/assets/js/time-picker/jquery-clockpicker.min.js]
[vihonet.pixelstrap.com/assets/js/time-picker/highlight.min.js]
[vihonet.pixelstrap.com/FormWidgets/TimePicker.html]
[vihonet.pixelstrap.com/assets/js/time-picker/clockpicker.js]
[vihonet.pixelstrap.com/assets/js/datepicker/date-time-picker/moment.min.js]
[vihonet.pixelstrap.com/assets/js/datepicker/date-time-picker/tempusdominus-bootstrap-4.min.js]
[vihonet.pixelstrap.com/FormWidgets/DateTimePicker.html]
[vihonet.pixelstrap.com/assets/js/datepicker/date-time-picker/datetimepicker.custom.js]
[vihonet.pixelstrap.com/assets/js/datepicker/daterange-picker/moment.min.js]
[vihonet.pixelstrap.com/assets/js/datepicker/daterange-picker/daterangepicker.js]
[vihonet.pixelstrap.com/FormWidgets/DaterangePicker.html]
[vihonet.pixelstrap.com/assets/js/datepicker/daterange-picker/daterange-picker.custom.js]
[vihonet.pixelstrap.com/assets/js/touchspin/vendors.min.js]
[vihonet.pixelstrap.com/assets/js/touchspin/touchspin.js]
[vihonet.pixelstrap.com/FormWidgets/Touchspin.html]
[vihonet.pixelstrap.com/assets/js/touchspin/input-groups.min.js]
[vihonet.pixelstrap.com/assets/js/select2/select2.full.min.js]
[vihonet.pixelstrap.com/FormWidgets/Select2.html]
[vihonet.pixelstrap.com/FormWidgets/Switch.html]
[vihonet.pixelstrap.com/assets/js/select2/select2-custom.js]
[vihonet.pixelstrap.com/assets/js/typeahead/handlebars.js]
[vihonet.pixelstrap.com/assets/js/typeahead/typeahead.bundle.js]
[vihonet.pixelstrap.com/FormWidgets/Typehead.html]
[vihonet.pixelstrap.com/assets/js/typeahead/typeahead.custom.js]
[vihonet.pixelstrap.com/FormWidgets/Clipboard.html]
[vihonet.pixelstrap.com/FormLayout/DefaultForm.html]
[vihonet.pixelstrap.com/assets/js/clipboard/clipboard-script.js]
[vihonet.pixelstrap.com/FormLayout/FormWizard1.html]
[vihonet.pixelstrap.com/assets/js/form-wizard/form-wizard.js]
[vihonet.pixelstrap.com/FormLayout/FormWizard2.html]
[vihonet.pixelstrap.com/assets/js/form-wizard/form-wizard-two.js]
[vihonet.pixelstrap.com/assets/js/form-wizard/form-wizard-three.js]
[vihonet.pixelstrap.com/FormLayout/FormWizard3.html]
[vihonet.pixelstrap.com/BootstrapTables/BasicTables.html]
[vihonet.pixelstrap.com/BootstrapTables/SizingTables.html]
[vihonet.pixelstrap.com/BootstrapTables/BorderTables.html]
[vihonet.pixelstrap.com/BootstrapTables/StylingTables.html]
[vihonet.pixelstrap.com/BootstrapTables/TableComponents.html]
[vihonet.pixelstrap.com/assets/js/form-wizard/jquery.backstretch.min.js]
[vihonet.pixelstrap.com/assets/js/datatable/datatables/jquery.dataTables.min.js]
[vihonet.pixelstrap.com/DataTable/BasicInit.html]
[vihonet.pixelstrap.com/DataTable/AdvanceInit.html]
[vihonet.pixelstrap.com/DataTable/Styling.html]
[vihonet.pixelstrap.com/DataTable/Ajax.html]
[vihonet.pixelstrap.com/DataTable/ServerSide.html]
[vihonet.pixelstrap.com/DataTable/PlugIn.html]
[vihonet.pixelstrap.com/DataTable/API.html]
[vihonet.pixelstrap.com/DataTable/DataSource.html]
[vihonet.pixelstrap.com/assets/js/datatable/datatables/datatable.custom.js]
[vihonet.pixelstrap.com/assets/js/datatable/datatable-extension/dataTables.buttons.min.js]
[vihonet.pixelstrap.com/assets/js/datatable/datatable-extension/jszip.min.js]
[vihonet.pixelstrap.com/assets/js/datatable/datatable-extension/buttons.colVis.min.js]
[vihonet.pixelstrap.com/assets/js/datatable/datatable-extension/dataTables.autoFill.min.js]
[vihonet.pixelstrap.com/assets/js/datatable/datatable-extension/pdfmake.min.js]
[vihonet.pixelstrap.com/assets/js/datatable/datatable-extension/vfs_fonts.js]
[vihonet.pixelstrap.com/assets/js/datatable/datatable-extension/dataTables.select.min.js]
[vihonet.pixelstrap.com/assets/js/datatable/datatable-extension/buttons.bootstrap4.min.js]
[vihonet.pixelstrap.com/assets/js/datatable/datatable-extension/buttons.html5.min.js]
[vihonet.pixelstrap.com/assets/js/datatable/datatable-extension/buttons.print.min.js]
[vihonet.pixelstrap.com/assets/js/datatable/datatable-extension/dataTables.bootstrap4.min.js]
[vihonet.pixelstrap.com/assets/js/datatable/datatable-extension/dataTables.responsive.min.js]
[vihonet.pixelstrap.com/assets/js/datatable/datatable-extension/responsive.bootstrap4.min.js]
[vihonet.pixelstrap.com/assets/js/datatable/datatable-extension/dataTables.keyTable.min.js]
[vihonet.pixelstrap.com/assets/js/datatable/datatable-extension/dataTables.colReorder.min.js]
[vihonet.pixelstrap.com/assets/js/datatable/datatable-extension/dataTables.fixedHeader.min.js]
[vihonet.pixelstrap.com/assets/js/datatable/datatable-extension/dataTables.rowReorder.min.js]
[vihonet.pixelstrap.com/assets/js/datatable/datatable-extension/dataTables.scroller.min.js]
[vihonet.pixelstrap.com/ExDataTable/Autofill.html]
[vihonet.pixelstrap.com/ExDataTable/BasicButton.html]
[vihonet.pixelstrap.com/ExDataTable/ColumnReorder.html]
[vihonet.pixelstrap.com/ExDataTable/FixedHeader.html]
[vihonet.pixelstrap.com/ExDataTable/KeyTable.html]
[vihonet.pixelstrap.com/ExDataTable/Responsive.html]
[vihonet.pixelstrap.com/ExDataTable/RowReorder.html]
[vihonet.pixelstrap.com/ExDataTable/Scroller.html]
[vihonet.pixelstrap.com/assets/js/datatable/datatable-extension/custom.js]
[vihonet.pixelstrap.com/assets/js/jsgrid/jsgrid.min.js]
[vihonet.pixelstrap.com/assets/js/jsgrid/griddata.js]
[vihonet.pixelstrap.com/JsGridTable/JsGridTable.html]
[vihonet.pixelstrap.com/Project/projects.html]
[vihonet.pixelstrap.com/Project/ProjectCreate.html]
[vihonet.pixelstrap.com/assets/js/jsgrid/jsgrid.js]
[vihonet.pixelstrap.com/assets/images/dashboard/folder.png]
[vihonet.pixelstrap.com/assets/images/dashboard/folder1.png]
[vihonet.pixelstrap.com/FileManager/FileManager.html]
[vihonet.pixelstrap.com/assets/js/jkanban/jkanban.js]
[vihonet.pixelstrap.com/KanbanBoard/kanbanBoard.html]
[vihonet.pixelstrap.com/assets/js/jkanban/custom.js]
[vihonet.pixelstrap.com/assets/images/ecommerce/01.jpg]
[vihonet.pixelstrap.com/assets/images/ecommerce/02.jpg]
[vihonet.pixelstrap.com/assets/images/ecommerce/03.jpg]
[vihonet.pixelstrap.com/assets/images/ecommerce/banner.jpg]
[vihonet.pixelstrap.com/assets/images/ecommerce/04.jpg]
[vihonet.pixelstrap.com/Ecommerce/product.html]
[vihonet.pixelstrap.com/assets/js/product-tab.js]
[vihonet.pixelstrap.com/assets/images/ecommerce/05.jpg]
[vihonet.pixelstrap.com/assets/images/ecommerce/06.jpg]
[vihonet.pixelstrap.com/assets/images/ecommerce/07.jpg]
[vihonet.pixelstrap.com/assets/images/ecommerce/08.jpg]
[vihonet.pixelstrap.com/assets/js/slick-slider/slick.min.js]
[vihonet.pixelstrap.com/Ecommerce/ProductPage.html]
[vihonet.pixelstrap.com/assets/js/slick-slider/slick-theme.js]
[vihonet.pixelstrap.com/assets/images/ecommerce/product-table-1.png]
[vihonet.pixelstrap.com/assets/images/ecommerce/product-table-2.png]
[vihonet.pixelstrap.com/assets/images/ecommerce/product-table-3.png]
[vihonet.pixelstrap.com/assets/images/ecommerce/product-table-4.png]
[vihonet.pixelstrap.com/assets/images/ecommerce/product-table-5.png]
[vihonet.pixelstrap.com/assets/images/ecommerce/product-table-6.png]
[vihonet.pixelstrap.com/assets/js/ecommerce.js]
[vihonet.pixelstrap.com/Ecommerce/ProductList.html]
[vihonet.pixelstrap.com/assets/js/product-list-custom.js]
[vihonet.pixelstrap.com/assets/images/ecommerce/card.png]
[vihonet.pixelstrap.com/assets/images/ecommerce/mastercard.png]
[vihonet.pixelstrap.com/assets/images/ecommerce/visa.png]
[vihonet.pixelstrap.com/assets/images/ecommerce/paypal.png]
[vihonet.pixelstrap.com/Ecommerce/PaymentDetails.html]
[vihonet.pixelstrap.com/assets/images/product/1.png]
[vihonet.pixelstrap.com/assets/images/product/13.png]
[vihonet.pixelstrap.com/assets/images/product/4.png]
[vihonet.pixelstrap.com/assets/images/product/10.png]
[vihonet.pixelstrap.com/assets/images/product/12.png]
[vihonet.pixelstrap.com/assets/images/product/3.png]
[vihonet.pixelstrap.com/assets/images/product/2.png]
[vihonet.pixelstrap.com/assets/images/product/15.png]
[vihonet.pixelstrap.com/assets/images/product/14.png]
[vihonet.pixelstrap.com/assets/images/product/11.png]
[vihonet.pixelstrap.com/Ecommerce/OrderHistory.html]
[vihonet.pixelstrap.com/assets/images/logo/logo-1.png]
[vihonet.pixelstrap.com/assets/images/other-images/paypal.png]
[vihonet.pixelstrap.com/assets/js/print.js]
[vihonet.pixelstrap.com/Ecommerce/InvoiceTemplete.html]
[vihonet.pixelstrap.com/Ecommerce/Cart.html]
[vihonet.pixelstrap.com/Ecommerce/Wishlist.html]
[vihonet.pixelstrap.com/assets/images/checkout/paypal.png]
[vihonet.pixelstrap.com/Ecommerce/Checkout.html]
[vihonet.pixelstrap.com/Ecommerce/Pricing.html]
[vihonet.pixelstrap.com/assets/images/user/user.png]
[vihonet.pixelstrap.com/Email/EmailInbox.html]
[vihonet.pixelstrap.com/assets/images/email/1.jpg]
[vihonet.pixelstrap.com/assets/images/email/2.jpg]
[vihonet.pixelstrap.com/assets/images/email/3.jpg]
[vihonet.pixelstrap.com/Email/EmailRead.html]
[vihonet.pixelstrap.com/Email/EmailCompose.html]
[vihonet.pixelstrap.com/assets/js/email-app.js]
[vihonet.pixelstrap.com/assets/images/user/12.png]
[vihonet.pixelstrap.com/assets/images/smiley.png]
[vihonet.pixelstrap.com/Chat/ChatApp.html]
[vihonet.pixelstrap.com/assets/js/fullscreen.js]
[vihonet.pixelstrap.com/assets/images/other-images/receiver-img.jpg]
[vihonet.pixelstrap.com/assets/images/other-images/caller.jpg]
[vihonet.pixelstrap.com/Chat/VideoChat.html]
[vihonet.pixelstrap.com/User/UserEdit.html]
[vihonet.pixelstrap.com/assets/images/user-card/1.jpg]
[vihonet.pixelstrap.com/assets/images/user-card/2.jpg]
[vihonet.pixelstrap.com/assets/images/avtar/16.jpg]
[vihonet.pixelstrap.com/assets/images/avtar/11.jpg]
[vihonet.pixelstrap.com/assets/images/user-card/7.jpg]
[vihonet.pixelstrap.com/assets/images/user-card/5.jpg]
[vihonet.pixelstrap.com/assets/images/user-card/6.jpg]
[vihonet.pixelstrap.com/User/UserCards.html]
[vihonet.pixelstrap.com/assets/js/bookmark/jquery.validate.min.js]
[vihonet.pixelstrap.com/Bookmark/Bookmark.html]
[vihonet.pixelstrap.com/assets/js/bookmark/custom.js]
[vihonet.pixelstrap.com/Contacts/Contacts.html]
[vihonet.pixelstrap.com/assets/js/contacts/custom.js]
[vihonet.pixelstrap.com/Task/Task.html]
[vihonet.pixelstrap.com/assets/js/task/custom.js]
[vihonet.pixelstrap.com/assets/css/calendar.css]
[vihonet.pixelstrap.com/assets/js/calendar/tui-code-snippet.min.js]
[vihonet.pixelstrap.com/assets/js/calendar/tui-time-picker.min.js]
[vihonet.pixelstrap.com/assets/js/calendar/tui-date-picker.min.js]
[vihonet.pixelstrap.com/assets/js/calendar/moment.min.js]
[vihonet.pixelstrap.com/assets/js/calendar/chance.min.js]
[vihonet.pixelstrap.com/assets/js/calendar/calendars.js]
[vihonet.pixelstrap.com/assets/js/calendar/tui-calendar.js]
[vihonet.pixelstrap.com/assets/js/calendar/schedules.js]
[vihonet.pixelstrap.com/Calender/Calender.html]
[vihonet.pixelstrap.com/assets/js/calendar/app.js]
[vihonet.pixelstrap.com/assets/images/social-app/timeline-3.png]
[vihonet.pixelstrap.com/assets/images/social-app/timeline-1.png]
[vihonet.pixelstrap.com/assets/images/social-app/timeline-2.png]
[vihonet.pixelstrap.com/assets/images/social-app/timeline-4.png]
[vihonet.pixelstrap.com/SocialApp/SocialApp.html]
[vihonet.pixelstrap.com/ToDo/Todo.html]
[vihonet.pixelstrap.com/assets/js/todo/todo.js]
[vihonet.pixelstrap.com/assets/images/blog/blog.jpg]
[vihonet.pixelstrap.com/Search/Search.html]
[vihonet.pixelstrap.com/assets/images/landing/landing-home/home-bg2.jpg]
[vihonet.pixelstrap.com/assets/images/landing/landing-home/logo.png]
[vihonet.pixelstrap.com/assets/images/logo/html.png]
[vihonet.pixelstrap.com/assets/images/logo/react.png]
[vihonet.pixelstrap.com/assets/images/logo/laravel.png]
[vihonet.pixelstrap.com/assets/images/landing/icon/django/django.png]
[vihonet.pixelstrap.com/assets/images/landing/landing-home/home-position/img-parten.png]
[vihonet.pixelstrap.com/assets/images/landing/landing-home/home-position/img-1.jpg]
[vihonet.pixelstrap.com/assets/images/landing/landing-home/home-position/img-2.jpg]
[vihonet.pixelstrap.com/assets/images/landing/landing-home/home-position/img-3.jpg]
[vihonet.pixelstrap.com/assets/images/landing/landing-home/home-position/img-4.jpg]
[vihonet.pixelstrap.com/assets/images/landing/landing-home/home-position/img-5.png]
[vihonet.pixelstrap.com/assets/images/landing/landing-home/home-position/img-6.jpg]
[vihonet.pixelstrap.com/assets/images/landing/landing-home/home-position/img-7.jpg]
[vihonet.pixelstrap.com/assets/images/landing/landing-home/home-position/img-8.jpg]
[vihonet.pixelstrap.com/assets/images/landing/landing-home/home-position/img-9.jpg]
[vihonet.pixelstrap.com/assets/images/landing/demo/1.jpg]
[vihonet.pixelstrap.com/assets/images/landing/icon/html/html.png]
[vihonet.pixelstrap.com/assets/images/landing/icon/react/reactstrap.png]
[vihonet.pixelstrap.com/assets/images/landing/icon/laravel/laravel.png]
[vihonet.pixelstrap.com/assets/images/landing/demo/2.jpg]
[vihonet.pixelstrap.com/assets/images/landing/demo/3.jpg]
[vihonet.pixelstrap.com/assets/images/landing/icon/react/react1.png]
[vihonet.pixelstrap.com/assets/images/landing/icon/html/bootstrap.png]
[vihonet.pixelstrap.com/assets/images/landing/icon/html/css.png]
[vihonet.pixelstrap.com/assets/images/landing/icon/html/sass.png]
[vihonet.pixelstrap.com/assets/images/landing/icon/html/pug.png]
[vihonet.pixelstrap.com/assets/images/landing/icon/html/npm.png]
[vihonet.pixelstrap.com/assets/images/landing/icon/html/gulp.png]
[vihonet.pixelstrap.com/assets/images/landing/icon/html/kit.png]
[vihonet.pixelstrap.com/assets/images/landing/icon/html/uikits.png]
[vihonet.pixelstrap.com/assets/images/landing/icon/html/layout.png]
[vihonet.pixelstrap.com/assets/images/landing/icon/html/builders.png]
[vihonet.pixelstrap.com/assets/images/landing/icon/html/iconset.png]
[vihonet.pixelstrap.com/assets/images/landing/icon/html/forms.png]
[vihonet.pixelstrap.com/assets/images/landing/icon/html/table.png]
[vihonet.pixelstrap.com/assets/images/landing/icon/html/apps.png]
[vihonet.pixelstrap.com/assets/images/landing/icon/react/hook.png]
[vihonet.pixelstrap.com/assets/images/landing/icon/react/noquery.png]
[vihonet.pixelstrap.com/assets/images/landing/icon/react/redux.png]
[vihonet.pixelstrap.com/assets/images/landing/icon/react/firebase.png]
[vihonet.pixelstrap.com/assets/images/landing/icon/react/crud.png]
[vihonet.pixelstrap.com/assets/images/landing/icon/react/chat.png]
[vihonet.pixelstrap.com/assets/images/landing/icon/react/animation.png]
[vihonet.pixelstrap.com/assets/images/landing/icon/react/props_state.png]
[vihonet.pixelstrap.com/assets/images/landing/icon/react/reactrouter.png]
[vihonet.pixelstrap.com/assets/images/landing/icon/react/chart.png]
[vihonet.pixelstrap.com/assets/images/landing/icon/react/map.png]
[vihonet.pixelstrap.com/assets/images/landing/icon/react/gallery.png]
[vihonet.pixelstrap.com/assets/images/landing/icon/react/application.png]
[vihonet.pixelstrap.com/assets/images/landing/icon/laravel/bootstrap.png]
[vihonet.pixelstrap.com/assets/images/landing/icon/laravel/blade.png]
[vihonet.pixelstrap.com/assets/images/landing/icon/laravel/layouts.png]
[vihonet.pixelstrap.com/assets/images/landing/icon/laravel/npm.png]
[vihonet.pixelstrap.com/assets/images/landing/icon/laravel/mix.png]
[vihonet.pixelstrap.com/assets/images/landing/icon/laravel/yarn.png]
[vihonet.pixelstrap.com/assets/images/landing/icon/laravel/sasswebpack.png]
[vihonet.pixelstrap.com/assets/images/landing/icon/django/bootstrap.png]
[vihonet.pixelstrap.com/assets/images/landing/icon/django/css.png]
[vihonet.pixelstrap.com/assets/images/landing/icon/django/sass.png]
[vihonet.pixelstrap.com/assets/images/landing/icon/django/kit.png]
[vihonet.pixelstrap.com/assets/images/landing/icon/django/uikits.png]
[vihonet.pixelstrap.com/assets/images/landing/icon/django/layout.png]
[vihonet.pixelstrap.com/assets/images/landing/icon/django/builders.png]
[vihonet.pixelstrap.com/assets/images/landing/icon/django/iconset.png]
[vihonet.pixelstrap.com/assets/images/landing/icon/django/forms.png]
[vihonet.pixelstrap.com/assets/images/landing/icon/django/table.png]
[vihonet.pixelstrap.com/assets/images/landing/icon/django/apps.png]
[vihonet.pixelstrap.com/assets/images/landing/unique-cards/1.jpg]
[vihonet.pixelstrap.com/assets/images/landing/unique-cards/2.jpg]
[vihonet.pixelstrap.com/assets/images/landing/unique-cards/3.jpg]
[vihonet.pixelstrap.com/assets/images/landing/unique-cards/11.jpg]
[vihonet.pixelstrap.com/assets/images/landing/unique-cards/12.jpg]
[vihonet.pixelstrap.com/assets/images/landing/unique-cards/4.jpg]
[vihonet.pixelstrap.com/assets/images/landing/unique-cards/5.jpg]
[vihonet.pixelstrap.com/assets/images/landing/unique-cards/6.jpg]
[vihonet.pixelstrap.com/assets/images/landing/unique-cards/9.jpg]
[vihonet.pixelstrap.com/assets/images/landing/unique-cards/7.jpg]
[vihonet.pixelstrap.com/assets/images/landing/unique-cards/8.jpg]
[vihonet.pixelstrap.com/assets/images/landing/inner-pages/1.jpg]
[vihonet.pixelstrap.com/assets/images/landing/inner-pages/2.jpg]
[vihonet.pixelstrap.com/assets/images/landing/inner-pages/3.jpg]
[vihonet.pixelstrap.com/assets/images/landing/inner-pages/4.jpg]
[vihonet.pixelstrap.com/assets/images/landing/inner-pages/5.jpg]
[vihonet.pixelstrap.com/assets/images/landing/inner-pages/6.jpg]
[vihonet.pixelstrap.com/assets/images/landing/inner-pages/7.jpg]
[vihonet.pixelstrap.com/assets/images/landing/inner-pages/8.jpg]
[vihonet.pixelstrap.com/assets/images/landing/application/1.jpg]
[vihonet.pixelstrap.com/assets/images/landing/application/2.jpg]
[vihonet.pixelstrap.com/assets/images/landing/application/3.jpg]
[vihonet.pixelstrap.com/assets/images/landing/application/4.jpg]
[vihonet.pixelstrap.com/assets/images/landing/application/5.jpg]
[vihonet.pixelstrap.com/assets/images/landing/application/6.jpg]
[vihonet.pixelstrap.com/assets/images/landing/application/7.jpg]
[vihonet.pixelstrap.com/assets/images/landing/application/8.jpg]
[vihonet.pixelstrap.com/assets/images/landing/application/9.jpg]
[vihonet.pixelstrap.com/assets/images/landing/application/10.jpg]
[vihonet.pixelstrap.com/assets/images/landing/application/11.jpg]
[vihonet.pixelstrap.com/assets/images/landing/application/12.jpg]
[vihonet.pixelstrap.com/assets/js/landing_sticky.js]
[vihonet.pixelstrap.com/assets/js/landing.js]
[vihonet.pixelstrap.com/landingPage/landingPages.html]
[vihonet.pixelstrap.com/SamplePage/SamplePage.html]
[vihonet.pixelstrap.com/assets/js/jarallax_libs/libs.min.js]
[vihonet.pixelstrap.com/Internationalization/Internationalization.html]
[vihonet.pixelstrap.com/assets/js/internationalization/language-picker.js]
[vihonet.pixelstrap.com/assets/starter-kit/layout-dark.html]
[vihonet.pixelstrap.com/assets/starter-kit/boxed.html]
[vihonet.pixelstrap.com/assets/starter-kit/layout-rtl.html]
[vihonet.pixelstrap.com/assets/starter-kit/footer-light.html]
[vihonet.pixelstrap.com/assets/starter-kit/footer-dark.html]
[vihonet.pixelstrap.com/assets/starter-kit/footer-fixed.html]
[vihonet.pixelstrap.com/assets/starter-kit/index.html]
[vihonet.pixelstrap.com/ErrorPage/ErrorPage1.html]
[vihonet.pixelstrap.com/ErrorPage/ErrorPage2.html]
[vihonet.pixelstrap.com/ErrorPage/ErrorPage3.html]
[vihonet.pixelstrap.com/ErrorPage/ErrorPage4.html]
[vihonet.pixelstrap.com/Authentication/LoginSimple.html]
[vihonet.pixelstrap.com/assets/images/login/2.jpg]
[vihonet.pixelstrap.com/Authentication/LoginWithBgImage.html]
[vihonet.pixelstrap.com/assets/images/login/1.jpg]
[vihonet.pixelstrap.com/Authentication/LoginWithValidation.html]
[vihonet.pixelstrap.com/Authentication/LoginWithTooltip.html]
[vihonet.pixelstrap.com/Authentication/LoginWithSweetalert.html]
[vihonet.pixelstrap.com/Authentication/RegisterSimple.html]
[vihonet.pixelstrap.com/Authentication/RegisterWithBgImage.html]
[vihonet.pixelstrap.com/Authentication/RegisterWithBgVideo.html]
[vihonet.pixelstrap.com/Authentication/UnlockUser.html]
[vihonet.pixelstrap.com/Authentication/ForgetPassword.html]
[vihonet.pixelstrap.com/Authentication/CreatPassword.html]
[vihonet.pixelstrap.com/Authentication/Maintenance.html]
[vihonet.pixelstrap.com/ComingSoon/ComingSoon.html]
[vihonet.pixelstrap.com/assets/js/countdown.js]
[vihonet.pixelstrap.com/assets/video/auth-bg.mp4]
[vihonet.pixelstrap.com/ComingSoon/ComingWithBgVideo.html]
[vihonet.pixelstrap.com/ComingSoon/ComingwithBgImage.html]
[vihonet.pixelstrap.com/EmailTemplates/BasicEmail.html]
[vihonet.pixelstrap.com/EmailTemplates/BasicWithHeader.html]
[vihonet.pixelstrap.com/assets/images/email-template/1.jpg]
[vihonet.pixelstrap.com/assets/images/email-template/2.png]
[vihonet.pixelstrap.com/assets/images/email-template/7.png]
[vihonet.pixelstrap.com/assets/images/email-template/8.png]
[vihonet.pixelstrap.com/assets/images/email-template/3.png]
[vihonet.pixelstrap.com/assets/images/email-template/cosmetic.jpg]
[vihonet.pixelstrap.com/assets/images/email-template/6.png]
[vihonet.pixelstrap.com/assets/images/email-template/5.png]
[vihonet.pixelstrap.com/EmailTemplates/EcomerceTemplate.html]
[vihonet.pixelstrap.com/assets/images/email-template/slider.jpg]
[vihonet.pixelstrap.com/assets/images/email-template/7.jpg]
[vihonet.pixelstrap.com/assets/images/email-template/8.jpg]
[vihonet.pixelstrap.com/assets/images/email-template/banner.jpg]
[vihonet.pixelstrap.com/assets/images/email-template/banner-2.jpg]
[vihonet.pixelstrap.com/assets/images/email-template/10.jpg]
[vihonet.pixelstrap.com/assets/images/email-template/11.jpg]
[vihonet.pixelstrap.com/assets/images/email-template/12.jpg]
[vihonet.pixelstrap.com/EmailTemplates/EmailTemplate2.html]
[vihonet.pixelstrap.com/assets/images/email-template/space.jpg]
[vihonet.pixelstrap.com/assets/images/email-template/4.png]
[vihonet.pixelstrap.com/assets/images/email-template/1.png]
[vihonet.pixelstrap.com/EmailTemplates/EcommerceEmail.html]
[vihonet.pixelstrap.com/assets/images/email-template/delivery.png]
[vihonet.pixelstrap.com/EmailTemplates/OrderSuccess.html]
[vihonet.pixelstrap.com/Gallery/GalleryGrid.html]
[vihonet.pixelstrap.com/Gallery/GalleryGridDesc.html]
[vihonet.pixelstrap.com/Gallery/MasonryGallery.html]
[vihonet.pixelstrap.com/Gallery/MasonryWithDesc.html]
[vihonet.pixelstrap.com/Gallery/HoverEffects.html]
[vihonet.pixelstrap.com/assets/js/masonry-gallery.js]
[vihonet.pixelstrap.com/assets/images/blog/blog-2.jpg]
[vihonet.pixelstrap.com/assets/images/blog/blog-3.jpg]
[vihonet.pixelstrap.com/assets/images/blog/blog-5.jpg]
[vihonet.pixelstrap.com/assets/images/blog/blog-6.jpg]
[vihonet.pixelstrap.com/Blog/BlogDetails.html]
[vihonet.pixelstrap.com/assets/images/blog/blog-single.jpg]
[vihonet.pixelstrap.com/assets/images/blog/comment.jpg]
[vihonet.pixelstrap.com/assets/images/blog/9.jpg]
[vihonet.pixelstrap.com/assets/images/blog/4.jpg]
[vihonet.pixelstrap.com/assets/images/blog/12.png]
[vihonet.pixelstrap.com/assets/images/blog/14.png]
[vihonet.pixelstrap.com/Blog/BlogSingle.html]
[vihonet.pixelstrap.com/Blog/AddPost.html]
[vihonet.pixelstrap.com/assets/images/faq/1.jpg]
[vihonet.pixelstrap.com/assets/images/faq/2.jpg]
[vihonet.pixelstrap.com/assets/images/faq/3.jpg]
[vihonet.pixelstrap.com/assets/images/faq/4.jpg]
[vihonet.pixelstrap.com/FAQ/FAQ.html]
[vihonet.pixelstrap.com/assets/images/job-search/1.jpg]
[vihonet.pixelstrap.com/assets/images/job-search/2.jpg]
[vihonet.pixelstrap.com/assets/images/job-search/3.jpg]
[vihonet.pixelstrap.com/assets/images/job-search/4.jpg]
[vihonet.pixelstrap.com/assets/images/job-search/5.jpg]
[vihonet.pixelstrap.com/assets/images/job-search/6.jpg]
[vihonet.pixelstrap.com/JobSearch/CardsView.html]
[vihonet.pixelstrap.com/JobSearch/ListView.html]
[vihonet.pixelstrap.com/JobSearch/JobDetails.html]
[vihonet.pixelstrap.com/JobSearch/Apply.html]
[vihonet.pixelstrap.com/Learning/LearningList.html]
[vihonet.pixelstrap.com/assets/images/faq/learning-1.jpg]
[vihonet.pixelstrap.com/Learning/DetailedCourse.html]
[vihonet.pixelstrap.com/assets/js/map-js/mapsjs-core.js]
[vihonet.pixelstrap.com/assets/js/map-js/mapsjs-service.js]
[vihonet.pixelstrap.com/assets/js/map-js/mapsjs-ui.js]
[vihonet.pixelstrap.com/assets/js/map-js/mapsjs-mapevents.js]
[vihonet.pixelstrap.com/Maps/MapJS.html]
[vihonet.pixelstrap.com/assets/js/map-js/custom.js]
[vihonet.pixelstrap.com/Maps/VectorMaps.html]
[vihonet.pixelstrap.com/assets/js/vector-map/map-vector.js]
[vihonet.pixelstrap.com/assets/js/editor/summernote/summernote.js]
[vihonet.pixelstrap.com/Editor/SummerNote.html]
[vihonet.pixelstrap.com/assets/js/editor/summernote/summernote.custom.js]
[vihonet.pixelstrap.com/assets/js/editor/ckeditor/styles.js]
[vihonet.pixelstrap.com/Editor/CkEditor.html]
[vihonet.pixelstrap.com/assets/js/editor/ckeditor/ckeditor.custom.js]
[vihonet.pixelstrap.com/assets/js/editor/simple-mde/simplemde.min.js]
[vihonet.pixelstrap.com/Editor/MDEEditor.html]
[vihonet.pixelstrap.com/assets/js/editor/simple-mde/simplemde.custom.js]
[vihonet.pixelstrap.com/assets/js/editor/ace-editor/ace.js]
[vihonet.pixelstrap.com/assets/js/editor/ace-editor/ace-custom.js]
[vihonet.pixelstrap.com/assets/js/editor/ace-editor/mode-css.js]
[vihonet.pixelstrap.com/assets/js/editor/ace-editor/mode-html.js]
[vihonet.pixelstrap.com/assets/js/editor/ace-editor/mode-javascript.js]
[vihonet.pixelstrap.com/assets/js/editor/ace-editor/theme-monokai.js]
[vihonet.pixelstrap.com/assets/js/editor/ace-editor/mode-php.js]
[vihonet.pixelstrap.com/assets/js/editor/ace-editor/worker-css.js]
[vihonet.pixelstrap.com/assets/js/editor/ace-editor/worker-html.js]
[vihonet.pixelstrap.com/assets/js/editor/ace-editor/worker-javascript.js]
[vihonet.pixelstrap.com/Editor/ACECodeEditor.html]
[vihonet.pixelstrap.com/assets/js/editor/ace-editor/worker-php.js]
[vihonet.pixelstrap.com/assets/images/knowledgebase/bg_1.jpg]
[vihonet.pixelstrap.com/Knowledge/Knowledgebase.html]
[vihonet.pixelstrap.com/Knowledge/knowledgeCategory.html]
[vihonet.pixelstrap.com/assets/images/knowledgebase/1.jpg]
[vihonet.pixelstrap.com/Knowledge/KnowledgeDetail.html]
[vihonet.pixelstrap.com/assets/images/user/9.jpg]
[vihonet.pixelstrap.com/SupportTicket/SupportTicket.html]
[vihonet.pixelstrap.com/assets/fonts/font-awesome/fontawesome-webfont3e6e.svg]
[vihonet.pixelstrap.com/assets/js/support-ticket-custom.js]
[vihonet.pixelstrap.com/assets/fonts/ico/icofont7858.svg]
[vihonet.pixelstrap.com/assets/fonts/themify/themify9f24.svg]
[vihonet.pixelstrap.com/assets/fonts/flag-icon/es-ct.svg]
[vihonet.pixelstrap.com/assets/fonts/flag-icon/eu.svg]
[vihonet.pixelstrap.com/assets/fonts/flag-icon/gb-eng.svg]
[vihonet.pixelstrap.com/assets/fonts/flag-icon/gb-nir.svg]
[vihonet.pixelstrap.com/assets/fonts/flag-icon/gb-sct.svg]
[vihonet.pixelstrap.com/assets/fonts/flag-icon/gb-wls.svg]
[vihonet.pixelstrap.com/assets/fonts/flag-icon/un.svg]
[vihonet.pixelstrap.com/assets/fonts/flag-icon/ad.svg]
[vihonet.pixelstrap.com/assets/fonts/flag-icon/ae.svg]
[vihonet.pixelstrap.com/assets/fonts/flag-icon/af.svg]
[vihonet.pixelstrap.com/assets/fonts/flag-icon/ag.svg]
[vihonet.pixelstrap.com/assets/fonts/flag-icon/ai.svg]
[vihonet.pixelstrap.com/assets/fonts/flag-icon/al.svg]
[vihonet.pixelstrap.com/assets/fonts/flag-icon/am.svg]
[vihonet.pixelstrap.com/assets/fonts/flag-icon/ao.svg]
[vihonet.pixelstrap.com/assets/fonts/flag-icon/aq.svg]
[vihonet.pixelstrap.com/assets/fonts/flag-icon/ar.svg]
[vihonet.pixelstrap.com/assets/fonts/flag-icon/as.svg]
[vihonet.pixelstrap.com/assets/fonts/flag-icon/at.svg]
[vihonet.pixelstrap.com/assets/fonts/flag-icon/au.svg]
[vihonet.pixelstrap.com/assets/fonts/flag-icon/aw.svg]
[vihonet.pixelstrap.com/assets/fonts/flag-icon/ax.svg]
[vihonet.pixelstrap.com/assets/fonts/flag-icon/az.svg]
[vihonet.pixelstrap.com/assets/fonts/flag-icon/ba.svg]
[vihonet.pixelstrap.com/assets/fonts/flag-icon/bb.svg]
[vihonet.pixelstrap.com/assets/fonts/flag-icon/bd.svg]
[vihonet.pixelstrap.com/assets/fonts/flag-icon/be.svg]
[vihonet.pixelstrap.com/assets/fonts/flag-icon/bf.svg]
[vihonet.pixelstrap.com/assets/fonts/flag-icon/bg.svg]
[vihonet.pixelstrap.com/assets/fonts/flag-icon/bh.svg]
[vihonet.pixelstrap.com/assets/fonts/flag-icon/bi.svg]
[vihonet.pixelstrap.com/assets/fonts/flag-icon/bj.svg]
[vihonet.pixelstrap.com/assets/fonts/flag-icon/bl.svg]
[vihonet.pixelstrap.com/assets/fonts/flag-icon/bm.svg]
[vihonet.pixelstrap.com/assets/fonts/flag-icon/bn.svg]
[vihonet.pixelstrap.com/assets/fonts/flag-icon/bo.svg]
[vihonet.pixelstrap.com/assets/fonts/flag-icon/bq.svg]
[vihonet.pixelstrap.com/assets/fonts/flag-icon/br.svg]
[vihonet.pixelstrap.com/assets/fonts/flag-icon/bs.svg]
[vihonet.pixelstrap.com/assets/fonts/flag-icon/bt.svg]
[vihonet.pixelstrap.com/assets/fonts/flag-icon/bv.svg]
[vihonet.pixelstrap.com/assets/fonts/flag-icon/bw.svg]
[vihonet.pixelstrap.com/assets/fonts/flag-icon/by.svg]
[vihonet.pixelstrap.com/assets/fonts/flag-icon/bz.svg]
[vihonet.pixelstrap.com/assets/fonts/flag-icon/ca.svg]
[vihonet.pixelstrap.com/assets/fonts/flag-icon/cc.svg]
[vihonet.pixelstrap.com/assets/fonts/flag-icon/cd.svg]
[vihonet.pixelstrap.com/assets/fonts/flag-icon/cf.svg]
[vihonet.pixelstrap.com/assets/fonts/flag-icon/cg.svg]
[vihonet.pixelstrap.com/assets/fonts/flag-icon/ch.svg]
[vihonet.pixelstrap.com/assets/fonts/flag-icon/ci.svg]
[vihonet.pixelstrap.com/assets/fonts/flag-icon/ck.svg]
[vihonet.pixelstrap.com/assets/fonts/flag-icon/cl.svg]
[vihonet.pixelstrap.com/assets/fonts/flag-icon/cm.svg]
[vihonet.pixelstrap.com/assets/fonts/flag-icon/cn.svg]
[vihonet.pixelstrap.com/assets/fonts/flag-icon/co.svg]
[vihonet.pixelstrap.com/assets/fonts/flag-icon/cr.svg]
[vihonet.pixelstrap.com/assets/fonts/flag-icon/cu.svg]
[vihonet.pixelstrap.com/assets/fonts/flag-icon/cv.svg]
[vihonet.pixelstrap.com/assets/fonts/flag-icon/cw.svg]
[vihonet.pixelstrap.com/assets/fonts/flag-icon/cx.svg]
[vihonet.pixelstrap.com/assets/fonts/flag-icon/cy.svg]
[vihonet.pixelstrap.com/assets/fonts/flag-icon/cz.svg]
[vihonet.pixelstrap.com/assets/fonts/flag-icon/de.svg]
[vihonet.pixelstrap.com/assets/fonts/flag-icon/dj.svg]
[vihonet.pixelstrap.com/assets/fonts/flag-icon/dk.svg]
[vihonet.pixelstrap.com/assets/fonts/flag-icon/dm.svg]
[vihonet.pixelstrap.com/assets/fonts/flag-icon/do.svg]
[vihonet.pixelstrap.com/assets/fonts/flag-icon/dz.svg]
[vihonet.pixelstrap.com/assets/fonts/flag-icon/ec.svg]
[vihonet.pixelstrap.com/assets/fonts/flag-icon/ee.svg]
[vihonet.pixelstrap.com/assets/fonts/flag-icon/eg.svg]
[vihonet.pixelstrap.com/assets/fonts/flag-icon/eh.svg]
[vihonet.pixelstrap.com/assets/fonts/flag-icon/er.svg]
[vihonet.pixelstrap.com/assets/fonts/flag-icon/es.svg]
[vihonet.pixelstrap.com/assets/fonts/flag-icon/et.svg]
[vihonet.pixelstrap.com/assets/fonts/flag-icon/fi.svg]
[vihonet.pixelstrap.com/assets/fonts/flag-icon/fj.svg]
[vihonet.pixelstrap.com/assets/fonts/flag-icon/fk.svg]
[vihonet.pixelstrap.com/assets/fonts/flag-icon/fm.svg]
[vihonet.pixelstrap.com/assets/fonts/flag-icon/fo.svg]
[vihonet.pixelstrap.com/assets/fonts/flag-icon/fr.svg]
[vihonet.pixelstrap.com/assets/fonts/flag-icon/ga.svg]
[vihonet.pixelstrap.com/assets/fonts/flag-icon/gb.svg]
[vihonet.pixelstrap.com/assets/fonts/flag-icon/gd.svg]
[vihonet.pixelstrap.com/assets/fonts/flag-icon/ge.svg]
[vihonet.pixelstrap.com/assets/fonts/flag-icon/gf.svg]
[vihonet.pixelstrap.com/assets/fonts/flag-icon/gg.svg]
[vihonet.pixelstrap.com/assets/fonts/flag-icon/gh.svg]
[vihonet.pixelstrap.com/assets/fonts/flag-icon/gi.svg]
[vihonet.pixelstrap.com/assets/fonts/flag-icon/gl.svg]
[vihonet.pixelstrap.com/assets/fonts/flag-icon/gm.svg]
[vihonet.pixelstrap.com/assets/fonts/flag-icon/gn.svg]
[vihonet.pixelstrap.com/assets/fonts/flag-icon/gp.svg]
[vihonet.pixelstrap.com/assets/fonts/flag-icon/gq.svg]
[vihonet.pixelstrap.com/assets/fonts/flag-icon/gr.svg]
[vihonet.pixelstrap.com/assets/fonts/flag-icon/gs.svg]
[vihonet.pixelstrap.com/assets/fonts/flag-icon/gt.svg]
[vihonet.pixelstrap.com/assets/fonts/flag-icon/gu.svg]
[vihonet.pixelstrap.com/assets/fonts/flag-icon/gw.svg]
[vihonet.pixelstrap.com/assets/fonts/flag-icon/gy.svg]
[vihonet.pixelstrap.com/assets/fonts/flag-icon/hk.svg]
[vihonet.pixelstrap.com/assets/fonts/flag-icon/hm.svg]
[vihonet.pixelstrap.com/assets/fonts/flag-icon/hn.svg]
[vihonet.pixelstrap.com/assets/fonts/flag-icon/hr.svg]
[vihonet.pixelstrap.com/assets/fonts/flag-icon/ht.svg]
[vihonet.pixelstrap.com/assets/fonts/flag-icon/hu.svg]
[vihonet.pixelstrap.com/assets/fonts/flag-icon/id.svg]
[vihonet.pixelstrap.com/assets/fonts/flag-icon/ie.svg]
[vihonet.pixelstrap.com/assets/fonts/flag-icon/il.svg]
[vihonet.pixelstrap.com/assets/fonts/flag-icon/im.svg]
[vihonet.pixelstrap.com/assets/fonts/flag-icon/in.svg]
[vihonet.pixelstrap.com/assets/fonts/flag-icon/io.svg]
[vihonet.pixelstrap.com/assets/fonts/flag-icon/iq.svg]
[vihonet.pixelstrap.com/assets/fonts/flag-icon/ir.svg]
[vihonet.pixelstrap.com/assets/fonts/flag-icon/is.svg]
[vihonet.pixelstrap.com/assets/fonts/flag-icon/it.svg]
[vihonet.pixelstrap.com/assets/fonts/flag-icon/je.svg]
[vihonet.pixelstrap.com/assets/fonts/flag-icon/jm.svg]
[vihonet.pixelstrap.com/assets/fonts/flag-icon/jo.svg]
[vihonet.pixelstrap.com/assets/fonts/flag-icon/jp.svg]
[vihonet.pixelstrap.com/assets/fonts/flag-icon/ke.svg]
[vihonet.pixelstrap.com/assets/fonts/flag-icon/kg.svg]
[vihonet.pixelstrap.com/assets/fonts/flag-icon/kh.svg]
[vihonet.pixelstrap.com/assets/fonts/flag-icon/ki.svg]
[vihonet.pixelstrap.com/assets/fonts/flag-icon/km.svg]
[vihonet.pixelstrap.com/assets/fonts/flag-icon/kn.svg]
[vihonet.pixelstrap.com/assets/fonts/flag-icon/kp.svg]
[vihonet.pixelstrap.com/assets/fonts/flag-icon/kr.svg]
[vihonet.pixelstrap.com/assets/fonts/flag-icon/kw.svg]
[vihonet.pixelstrap.com/assets/fonts/flag-icon/ky.svg]
[vihonet.pixelstrap.com/assets/fonts/flag-icon/kz.svg]
[vihonet.pixelstrap.com/assets/fonts/flag-icon/la.svg]
[vihonet.pixelstrap.com/assets/fonts/flag-icon/lb.svg]
[vihonet.pixelstrap.com/assets/fonts/flag-icon/lc.svg]
[vihonet.pixelstrap.com/assets/fonts/flag-icon/li.svg]
[vihonet.pixelstrap.com/assets/fonts/flag-icon/lk.svg]
[vihonet.pixelstrap.com/assets/fonts/flag-icon/lr.svg]
[vihonet.pixelstrap.com/assets/fonts/flag-icon/ls.svg]
[vihonet.pixelstrap.com/assets/fonts/flag-icon/lt.svg]
[vihonet.pixelstrap.com/assets/fonts/flag-icon/lu.svg]
[vihonet.pixelstrap.com/assets/fonts/flag-icon/lv.svg]
[vihonet.pixelstrap.com/assets/fonts/flag-icon/ly.svg]
[vihonet.pixelstrap.com/assets/fonts/flag-icon/ma.svg]
[vihonet.pixelstrap.com/assets/fonts/flag-icon/mc.svg]
[vihonet.pixelstrap.com/assets/fonts/flag-icon/md.svg]
[vihonet.pixelstrap.com/assets/fonts/flag-icon/me.svg]
[vihonet.pixelstrap.com/assets/fonts/flag-icon/mf.svg]
[vihonet.pixelstrap.com/assets/fonts/flag-icon/mg.svg]
[vihonet.pixelstrap.com/assets/fonts/flag-icon/mh.svg]
[vihonet.pixelstrap.com/assets/fonts/flag-icon/mk.svg]
[vihonet.pixelstrap.com/assets/fonts/flag-icon/ml.svg]
[vihonet.pixelstrap.com/assets/fonts/flag-icon/mm.svg]
[vihonet.pixelstrap.com/assets/fonts/flag-icon/mn.svg]
[vihonet.pixelstrap.com/assets/fonts/flag-icon/mo.svg]
[vihonet.pixelstrap.com/assets/fonts/flag-icon/mp.svg]
[vihonet.pixelstrap.com/assets/fonts/flag-icon/mq.svg]
[vihonet.pixelstrap.com/assets/fonts/flag-icon/mr.svg]
[vihonet.pixelstrap.com/assets/fonts/flag-icon/ms.svg]
[vihonet.pixelstrap.com/assets/fonts/flag-icon/mt.svg]
[vihonet.pixelstrap.com/assets/fonts/flag-icon/mu.svg]
[vihonet.pixelstrap.com/assets/fonts/flag-icon/mv.svg]
[vihonet.pixelstrap.com/assets/fonts/flag-icon/mw.svg]
[vihonet.pixelstrap.com/assets/fonts/flag-icon/mx.svg]
[vihonet.pixelstrap.com/assets/fonts/flag-icon/my.svg]
[vihonet.pixelstrap.com/assets/fonts/flag-icon/mz.svg]
[vihonet.pixelstrap.com/assets/fonts/flag-icon/na.svg]
[vihonet.pixelstrap.com/assets/fonts/flag-icon/nc.svg]
[vihonet.pixelstrap.com/assets/fonts/flag-icon/ne.svg]
[vihonet.pixelstrap.com/assets/fonts/flag-icon/nf.svg]
[vihonet.pixelstrap.com/assets/fonts/flag-icon/ng.svg]
[vihonet.pixelstrap.com/assets/fonts/flag-icon/ni.svg]
[vihonet.pixelstrap.com/assets/fonts/flag-icon/nl.svg]
[vihonet.pixelstrap.com/assets/fonts/flag-icon/no.svg]
[vihonet.pixelstrap.com/assets/fonts/flag-icon/np.svg]
[vihonet.pixelstrap.com/assets/fonts/flag-icon/nr.svg]
[vihonet.pixelstrap.com/assets/fonts/flag-icon/nu.svg]
[vihonet.pixelstrap.com/assets/fonts/flag-icon/nz.svg]
[vihonet.pixelstrap.com/assets/fonts/flag-icon/om.svg]
[vihonet.pixelstrap.com/assets/fonts/flag-icon/pa.svg]
[vihonet.pixelstrap.com/assets/fonts/flag-icon/pe.svg]
[vihonet.pixelstrap.com/assets/fonts/flag-icon/pf.svg]
[vihonet.pixelstrap.com/assets/fonts/flag-icon/pg.svg]
[vihonet.pixelstrap.com/assets/fonts/flag-icon/ph.svg]
[vihonet.pixelstrap.com/assets/fonts/flag-icon/pk.svg]
[vihonet.pixelstrap.com/assets/fonts/flag-icon/pl.svg]
[vihonet.pixelstrap.com/assets/fonts/flag-icon/pm.svg]
[vihonet.pixelstrap.com/assets/fonts/flag-icon/pn.svg]
[vihonet.pixelstrap.com/assets/fonts/flag-icon/pr.svg]
[vihonet.pixelstrap.com/assets/fonts/flag-icon/ps.svg]
[vihonet.pixelstrap.com/assets/fonts/flag-icon/pt.svg]
[vihonet.pixelstrap.com/assets/fonts/flag-icon/pw.svg]
[vihonet.pixelstrap.com/assets/fonts/flag-icon/py.svg]
[vihonet.pixelstrap.com/assets/fonts/flag-icon/qa.svg]
[vihonet.pixelstrap.com/assets/fonts/flag-icon/re.svg]
[vihonet.pixelstrap.com/assets/fonts/flag-icon/ro.svg]
[vihonet.pixelstrap.com/assets/fonts/flag-icon/rs.svg]
[vihonet.pixelstrap.com/assets/fonts/flag-icon/ru.svg]
[vihonet.pixelstrap.com/assets/fonts/flag-icon/rw.svg]
[vihonet.pixelstrap.com/assets/fonts/flag-icon/sa.svg]
[vihonet.pixelstrap.com/assets/fonts/flag-icon/sb.svg]
[vihonet.pixelstrap.com/assets/fonts/flag-icon/sc.svg]
[vihonet.pixelstrap.com/assets/fonts/flag-icon/sd.svg]
[vihonet.pixelstrap.com/assets/fonts/flag-icon/se.svg]
[vihonet.pixelstrap.com/assets/fonts/flag-icon/sg.svg]
[vihonet.pixelstrap.com/assets/fonts/flag-icon/sh.svg]
[vihonet.pixelstrap.com/assets/fonts/flag-icon/si.svg]
[vihonet.pixelstrap.com/assets/fonts/flag-icon/sj.svg]
[vihonet.pixelstrap.com/assets/fonts/flag-icon/sk.svg]
[vihonet.pixelstrap.com/assets/fonts/flag-icon/sl.svg]
[vihonet.pixelstrap.com/assets/fonts/flag-icon/sm.svg]
[vihonet.pixelstrap.com/assets/fonts/flag-icon/sn.svg]
[vihonet.pixelstrap.com/assets/fonts/flag-icon/so.svg]
[vihonet.pixelstrap.com/assets/fonts/flag-icon/sr.svg]
[vihonet.pixelstrap.com/assets/fonts/flag-icon/ss.svg]
[vihonet.pixelstrap.com/assets/fonts/flag-icon/st.svg]
[vihonet.pixelstrap.com/assets/fonts/flag-icon/sv.svg]
[vihonet.pixelstrap.com/assets/fonts/flag-icon/sx.svg]
[vihonet.pixelstrap.com/assets/fonts/flag-icon/sy.svg]
[vihonet.pixelstrap.com/assets/fonts/flag-icon/sz.svg]
[vihonet.pixelstrap.com/assets/fonts/flag-icon/tc.svg]
[vihonet.pixelstrap.com/assets/fonts/flag-icon/td.svg]
[vihonet.pixelstrap.com/assets/fonts/flag-icon/tf.svg]
[vihonet.pixelstrap.com/assets/fonts/flag-icon/tg.svg]
[vihonet.pixelstrap.com/assets/fonts/flag-icon/th.svg]
[vihonet.pixelstrap.com/assets/fonts/flag-icon/tj.svg]
[vihonet.pixelstrap.com/assets/fonts/flag-icon/tk.svg]
[vihonet.pixelstrap.com/assets/fonts/flag-icon/tl.svg]
[vihonet.pixelstrap.com/assets/fonts/flag-icon/tm.svg]
[vihonet.pixelstrap.com/assets/fonts/flag-icon/tn.svg]
[vihonet.pixelstrap.com/assets/fonts/flag-icon/to.svg]
[vihonet.pixelstrap.com/assets/fonts/flag-icon/tr.svg]
[vihonet.pixelstrap.com/assets/fonts/flag-icon/tt.svg]
[vihonet.pixelstrap.com/assets/fonts/flag-icon/tv.svg]
[vihonet.pixelstrap.com/assets/fonts/flag-icon/tw.svg]
[vihonet.pixelstrap.com/assets/fonts/flag-icon/tz.svg]
[vihonet.pixelstrap.com/assets/fonts/flag-icon/ua.svg]
[vihonet.pixelstrap.com/assets/fonts/flag-icon/ug.svg]
[vihonet.pixelstrap.com/assets/fonts/flag-icon/um.svg]
[vihonet.pixelstrap.com/assets/fonts/flag-icon/us.svg]
[vihonet.pixelstrap.com/assets/fonts/flag-icon/uy.svg]
[vihonet.pixelstrap.com/assets/fonts/flag-icon/uz.svg]
[vihonet.pixelstrap.com/assets/fonts/flag-icon/va.svg]
[vihonet.pixelstrap.com/assets/fonts/flag-icon/vc.svg]
[vihonet.pixelstrap.com/assets/fonts/flag-icon/ve.svg]
[vihonet.pixelstrap.com/assets/fonts/flag-icon/vg.svg]
[vihonet.pixelstrap.com/assets/fonts/flag-icon/vi.svg]
[vihonet.pixelstrap.com/assets/fonts/flag-icon/vn.svg]
[vihonet.pixelstrap.com/assets/fonts/flag-icon/vu.svg]
[vihonet.pixelstrap.com/assets/fonts/flag-icon/wf.svg]
[vihonet.pixelstrap.com/assets/fonts/flag-icon/ws.svg]
[vihonet.pixelstrap.com/assets/fonts/flag-icon/ye.svg]
[vihonet.pixelstrap.com/assets/fonts/flag-icon/yt.svg]
[vihonet.pixelstrap.com/assets/fonts/flag-icon/za.svg]
[vihonet.pixelstrap.com/assets/fonts/flag-icon/zm.svg]
[vihonet.pixelstrap.com/assets/fonts/flag-icon/zw.svg]
[vihonet.pixelstrap.com/assets/images/icon-tree.html]
[vihonet.pixelstrap.com/assets/images/throbber.html]
[vihonet.pixelstrap.com/assets/images/tree-1.html]
[vihonet.pixelstrap.com/assets/fonts/slick/slick.svg]
[vihonet.pixelstrap.com/assets/css/${file-1x}.html]
[vihonet.pixelstrap.com/assets/css/${file-2x}.html]
[vihonet.pixelstrap.com/assets/css/dropzone-spritemap.html]
[vihonet.pixelstrap.com/assets/images/lightgallry/default-skin.svg]
[vihonet.pixelstrap.com/assets/css/preloader.html]
[vihonet.pixelstrap.com/assets/images/sidebar-pattern/1.html]
[vihonet.pixelstrap.com/assets/images/sidebar-image/1.html]
[vihonet.pixelstrap.com/assets/images/sidebar-pattern/2.html]
[vihonet.pixelstrap.com/assets/images/sidebar-image/2.html]
[vihonet.pixelstrap.com/assets/images/sidebar-pattern/3.html]
[vihonet.pixelstrap.com/assets/images/sidebar-image/3.html]
[vihonet.pixelstrap.com/assets/images/sidebar-pattern/4.html]
[vihonet.pixelstrap.com/assets/images/sidebar-image/4.html]
[vihonet.pixelstrap.com/assets/images/sidebar-pattern/5.html]
[vihonet.pixelstrap.com/assets/images/sidebar-image/5.html]
[vihonet.pixelstrap.com/assets/images/sidebar-pattern/6.html]
[vihonet.pixelstrap.com/assets/images/sidebar-image/6.html]
[vihonet.pixelstrap.com/assets/images/sec.svg]
[vihonet.pixelstrap.com/assets/images/min.svg]
[vihonet.pixelstrap.com/assets/images/hour.svg]
[vihonet.pixelstrap.com/BonusUi/cropped.html]
[vihonet.pixelstrap.com/assets/fonts/calendar/icon.eot]
[vihonet.pixelstrap.com/assets/fonts/calendar/icon.ttf]
[vihonet.pixelstrap.com/assets/fonts/calendar/icon.woff]
[vihonet.pixelstrap.com/assets/images/calender/img-bi.png]
[vihonet.pixelstrap.com/assets/images/calender/ic-view-month.png]
[vihonet.pixelstrap.com/assets/images/calender/ic-view-week.png]
[vihonet.pixelstrap.com/assets/images/calender/ic-view-day.png]
[vihonet.pixelstrap.com/assets/images/calender/ic-arrow-line-left.png]
[vihonet.pixelstrap.com/assets/images/calender/ic-arrow-line-right.png]
[vihonet.pixelstrap.com/assets/images/calender/ic-traveltime-w.png]
[vihonet.pixelstrap.com/assets/css/calendar.css]
[vihonet.pixelstrap.com/assets/assets/images/favicon.html]
[vihonet.pixelstrap.com/assets/assets/css/fontawesome.html]
[vihonet.pixelstrap.com/assets/assets/css/icofont.html]
[vihonet.pixelstrap.com/assets/assets/css/themify.html]
[vihonet.pixelstrap.com/assets/assets/css/flag-icon.html]
[vihonet.pixelstrap.com/assets/assets/css/feather-icon.html]
[vihonet.pixelstrap.com/assets/assets/css/prism.html]
[vihonet.pixelstrap.com/assets/assets/css/bootstrap.html]
[vihonet.pixelstrap.com/assets/assets/css/style.html]
[vihonet.pixelstrap.com/assets/assets/css/color-1.html]
[vihonet.pixelstrap.com/assets/assets/css/responsive.html]
[vihonet.pixelstrap.com/assets/assets/images/logo/logo.html]
[vihonet.pixelstrap.com/assets/assets/images/logo/dark-logo.html]
[vihonet.pixelstrap.com/assets/assets/images/user/4.html]
[vihonet.pixelstrap.com/assets/assets/images/user/1.html]
[vihonet.pixelstrap.com/assets/assets/images/user/2.html]
[vihonet.pixelstrap.com/assets/starter-kit/login_two.html]
[vihonet.pixelstrap.com/assets/theme/index.html]
[vihonet.pixelstrap.com/assets/starter-kit/layout-dark.html]
[vihonet.pixelstrap.com/assets/starter-kit/boxed.html]
[vihonet.pixelstrap.com/assets/starter-kit/layout-rtl.html]
[vihonet.pixelstrap.com/assets/starter-kit/footer-light.html]
[vihonet.pixelstrap.com/assets/starter-kit/footer-dark.html]
[vihonet.pixelstrap.com/assets/starter-kit/footer-fixed.html]
[vihonet.pixelstrap.com/assets/ltr/index.html]
[vihonet.pixelstrap.com/assets/assets/js/jquery-3.5.1.min.html]
[vihonet.pixelstrap.com/assets/assets/js/icons/feather-icon/feather.min.html]
[vihonet.pixelstrap.com/assets/assets/js/icons/feather-icon/feather-icon.html]
[vihonet.pixelstrap.com/assets/assets/js/sidebar-menu.html]
[vihonet.pixelstrap.com/assets/assets/js/config.html]
[vihonet.pixelstrap.com/assets/assets/js/bootstrap/popper.min.html]
[vihonet.pixelstrap.com/assets/assets/js/bootstrap/bootstrap.min.html]
[vihonet.pixelstrap.com/assets/assets/js/prism/prism.min.html]
[vihonet.pixelstrap.com/assets/assets/js/clipboard/clipboard.min.html]
[vihonet.pixelstrap.com/assets/assets/js/custom-card/custom-card.html]
[vihonet.pixelstrap.com/assets/assets/js/tooltip-init.html]
[vihonet.pixelstrap.com/assets/assets/js/script.html]
[vihonet.pixelstrap.com/assets/assets/js/theme-customizer/customizer.html]
[vihonet.pixelstrap.com/assets/fonts/calendar/icon.svg]
